This file contains any messages produced by compilers while
running configure, to aid debugging if configure makes a mistake.

It was created by Protocol Buffers configure 3.21.5, which was
generated by GNU Autoconf 2.71.  Invocation command line was

  $ /home/pushkar/.cargo/registry/src/index.crates.io-6f17d22bba15001f/protobuf-src-1.1.0+21.5/protobuf/configure --prefix=/home/pushkar/Mirage/community/target/debug/build/protobuf-src-523432554d6a8d85/out/install --disable-shared --enable-static --disable-maintainer-mode

## --------- ##
## Platform. ##
## --------- ##

hostname = HeavyCoder
uname -m = x86_64
uname -r = 5.15.133.1-microsoft-standard-WSL2
uname -s = Linux
uname -v = #1 SMP Thu Oct 5 21:02:42 UTC 2023

/usr/bin/uname -p = x86_64
/bin/uname -X     = unknown

/bin/arch              = x86_64
/usr/bin/arch -k       = unknown
/usr/convex/getsysinfo = unknown
/usr/bin/hostinfo      = unknown
/bin/machine           = unknown
/usr/bin/oslevel       = unknown
/bin/universe          = unknown

PATH: /home/pushkar/go/bin/
PATH: /usr/local/go/bin/
PATH: /home/pushkar/.vscode-server/bin/903b1e9d8990623e3d7da1df3d33db3e42d80eda/bin/remote-cli/
PATH: /home/pushkar/.local/bin/
PATH: /home/pushkar/.cargo/bin/
PATH: /home/pushkar/go/bin/
PATH: /usr/local/go/bin/
PATH: /home/pushkar/.nvm/versions/node/v18.19.0/bin/
PATH: /usr/local/sbin/
PATH: /usr/local/bin/
PATH: /usr/sbin/
PATH: /usr/bin/
PATH: /sbin/
PATH: /bin/
PATH: /usr/games/
PATH: /usr/local/games/
PATH: /usr/lib/wsl/lib/
PATH: /mnt/c/Python312/Scripts/
PATH: /mnt/c/Python312/
PATH: /mnt/c/WINDOWS/system32/
PATH: /mnt/c/WINDOWS/
PATH: /mnt/c/WINDOWS/System32/Wbem/
PATH: /mnt/c/WINDOWS/System32/WindowsPowerShell/v1.0/
PATH: /mnt/c/WINDOWS/System32/OpenSSH/
PATH: /mnt/c/Program Files/nodejs/
PATH: /mnt/c/ProgramData/chocolatey/bin/
PATH: /mnt/c/Program Files/NVIDIA Corporation/NVIDIA NvDLISR/
PATH: /mnt/c/Program Files (x86)/NVIDIA Corporation/PhysX/Common/
PATH: /mnt/c/Program Files/Git/cmd/
PATH: /Docker/host/bin/
PATH: /mnt/c/Program Files/Go/bin/
PATH: /mnt/c/Program Files/Microsoft VS Code/bin/
PATH: /mnt/c/Program Files/Cloudflare/Cloudflare WARP/
PATH: /mnt/c/Program Files/GitHub CLI/
PATH: /mnt/c/Users/pushk/.cargo/bin/
PATH: /mnt/c/Users/pushk/AppData/Local/Microsoft/WindowsApps/
PATH: /mnt/c/Users/pushk/AppData/Roaming/npm/
PATH: /mnt/c/Users/pushk/go/bin/
PATH: /mnt/c/Users/pushk/go/bin/
PATH: /snap/bin/
PATH: /usr/local/go/bin/


## ----------- ##
## Core tests. ##
## ----------- ##

configure:3059: looking for aux files: ltmain.sh ar-lib compile missing install-sh config.guess config.sub
configure:3072:  trying /home/pushkar/.cargo/registry/src/index.crates.io-6f17d22bba15001f/protobuf-src-1.1.0+21.5/protobuf/
configure:3101:   /home/pushkar/.cargo/registry/src/index.crates.io-6f17d22bba15001f/protobuf-src-1.1.0+21.5/protobuf/ltmain.sh found
configure:3101:   /home/pushkar/.cargo/registry/src/index.crates.io-6f17d22bba15001f/protobuf-src-1.1.0+21.5/protobuf/ar-lib found
configure:3101:   /home/pushkar/.cargo/registry/src/index.crates.io-6f17d22bba15001f/protobuf-src-1.1.0+21.5/protobuf/compile found
configure:3101:   /home/pushkar/.cargo/registry/src/index.crates.io-6f17d22bba15001f/protobuf-src-1.1.0+21.5/protobuf/missing found
configure:3083:   /home/pushkar/.cargo/registry/src/index.crates.io-6f17d22bba15001f/protobuf-src-1.1.0+21.5/protobuf/install-sh found
configure:3101:   /home/pushkar/.cargo/registry/src/index.crates.io-6f17d22bba15001f/protobuf-src-1.1.0+21.5/protobuf/config.guess found
configure:3101:   /home/pushkar/.cargo/registry/src/index.crates.io-6f17d22bba15001f/protobuf-src-1.1.0+21.5/protobuf/config.sub found
configure:3214: checking whether to enable maintainer-specific portions of Makefiles
configure:3224: result: no
configure:3275: checking build system type
configure:3290: result: x86_64-pc-linux-gnu
configure:3310: checking host system type
configure:3324: result: x86_64-pc-linux-gnu
configure:3344: checking target system type
configure:3358: result: x86_64-pc-linux-gnu
configure:3402: checking for a BSD-compatible install
configure:3475: result: /usr/bin/install -c
configure:3486: checking whether build environment is sane
configure:3541: result: yes
configure:3700: checking for a race-free mkdir -p
configure:3744: result: /usr/bin/mkdir -p
configure:3751: checking for gawk
configure:3772: found /usr/bin/gawk
configure:3783: result: gawk
configure:3794: checking whether make sets $(MAKE)
configure:3817: result: yes
configure:3847: checking whether make supports nested variables
configure:3865: result: yes
configure:3950: checking whether UID '1000' is supported by ustar format
configure:3953: result: yes
configure:3960: checking whether GID '1000' is supported by ustar format
configure:3963: result: yes
configure:3971: checking how to create a ustar tar archive
configure:3982: tar --version
tar (GNU tar) 1.34
Copyright (C) 2021 Free Software Foundation, Inc.
License GPLv3+: GNU GPL version 3 or later <https://gnu.org/licenses/gpl.html>.
This is free software: you are free to change and redistribute it.
There is NO WARRANTY, to the extent permitted by law.

Written by John Gilmore and Jay Fenlason.
configure:3985: $? = 0
configure:4025: tardir=conftest.dir && eval tar --format=ustar -chf - "$tardir" >conftest.tar
configure:4028: $? = 0
configure:4032: tar -xf - <conftest.tar
configure:4035: $? = 0
configure:4037: cat conftest.dir/file
GrepMe
configure:4040: $? = 0
configure:4054: result: gnutar
configure:4134: checking whether make supports nested variables
configure:4152: result: yes
configure:4263: checking for gcc
configure:4295: result: cc
configure:4648: checking for C compiler version
configure:4657: cc --version >&5
cc (Ubuntu 11.4.0-1ubuntu1~22.04) 11.4.0
Copyright (C) 2021 Free Software Foundation, Inc.
This is free software; see the source for copying conditions.  There is NO
warranty; not even for MERCHANTABILITY or FITNESS FOR A PARTICULAR PURPOSE.

configure:4668: $? = 0
configure:4657: cc -v >&5
Using built-in specs.
COLLECT_GCC=cc
COLLECT_LTO_WRAPPER=/usr/lib/gcc/x86_64-linux-gnu/11/lto-wrapper
OFFLOAD_TARGET_NAMES=nvptx-none:amdgcn-amdhsa
OFFLOAD_TARGET_DEFAULT=1
Target: x86_64-linux-gnu
Configured with: ../src/configure -v --with-pkgversion='Ubuntu 11.4.0-1ubuntu1~22.04' --with-bugurl=file:///usr/share/doc/gcc-11/README.Bugs --enable-languages=c,ada,c++,go,brig,d,fortran,objc,obj-c++,m2 --prefix=/usr --with-gcc-major-version-only --program-suffix=-11 --program-prefix=x86_64-linux-gnu- --enable-shared --enable-linker-build-id --libexecdir=/usr/lib --without-included-gettext --enable-threads=posix --libdir=/usr/lib --enable-nls --enable-bootstrap --enable-clocale=gnu --enable-libstdcxx-debug --enable-libstdcxx-time=yes --with-default-libstdcxx-abi=new --enable-gnu-unique-object --disable-vtable-verify --enable-plugin --enable-default-pie --with-system-zlib --enable-libphobos-checking=release --with-target-system-zlib=auto --enable-objc-gc=auto --enable-multiarch --disable-werror --enable-cet --with-arch-32=i686 --with-abi=m64 --with-multilib-list=m32,m64,mx32 --enable-multilib --with-tune=generic --enable-offload-targets=nvptx-none=/build/gcc-11-XeT9lY/gcc-11-11.4.0/debian/tmp-nvptx/usr,amdgcn-amdhsa=/build/gcc-11-XeT9lY/gcc-11-11.4.0/debian/tmp-gcn/usr --without-cuda-driver --enable-checking=release --build=x86_64-linux-gnu --host=x86_64-linux-gnu --target=x86_64-linux-gnu --with-build-config=bootstrap-lto-lean --enable-link-serialization=2
Thread model: posix
Supported LTO compression algorithms: zlib zstd
gcc version 11.4.0 (Ubuntu 11.4.0-1ubuntu1~22.04) 
... rest of stderr output deleted ...
configure:4668: $? = 0
configure:4657: cc -V >&5
cc: error: unrecognized command-line option '-V'
cc: fatal error: no input files
compilation terminated.
configure:4668: $? = 1
configure:4657: cc -qversion >&5
cc: error: unrecognized command-line option '-qversion'; did you mean '--version'?
cc: fatal error: no input files
compilation terminated.
configure:4668: $? = 1
configure:4657: cc -version >&5
cc: error: unrecognized command-line option '-version'
cc: fatal error: no input files
compilation terminated.
configure:4668: $? = 1
configure:4688: checking whether the C compiler works
configure:4710: cc -O0 -ffunction-sections -fdata-sections -fPIC -m64   conftest.c  >&5
configure:4714: $? = 0
configure:4764: result: yes
configure:4767: checking for C compiler default output file name
configure:4769: result: a.out
configure:4775: checking for suffix of executables
configure:4782: cc -o conftest -O0 -ffunction-sections -fdata-sections -fPIC -m64   conftest.c  >&5
configure:4786: $? = 0
configure:4809: result: 
configure:4831: checking whether we are cross compiling
configure:4839: cc -o conftest -O0 -ffunction-sections -fdata-sections -fPIC -m64   conftest.c  >&5
configure:4843: $? = 0
configure:4850: ./conftest
configure:4854: $? = 0
configure:4869: result: no
configure:4874: checking for suffix of object files
configure:4897: cc -c -O0 -ffunction-sections -fdata-sections -fPIC -m64  conftest.c >&5
configure:4901: $? = 0
configure:4923: result: o
configure:4927: checking whether the compiler supports GNU C
configure:4947: cc -c -O0 -ffunction-sections -fdata-sections -fPIC -m64  conftest.c >&5
configure:4947: $? = 0
configure:4957: result: yes
configure:4968: checking whether cc accepts -g
configure:4989: cc -c -g  conftest.c >&5
configure:4989: $? = 0
configure:5033: result: yes
configure:5053: checking for cc option to enable C11 features
configure:5068: cc  -c -O0 -ffunction-sections -fdata-sections -fPIC -m64  conftest.c >&5
configure:5068: $? = 0
configure:5086: result: none needed
configure:5202: checking whether cc understands -c and -o together
configure:5225: cc -c conftest.c -o conftest2.o
configure:5228: $? = 0
configure:5225: cc -c conftest.c -o conftest2.o
configure:5228: $? = 0
configure:5240: result: yes
configure:5260: checking whether make supports the include directive
configure:5275: make -f confmf.GNU && cat confinc.out
this is the am__doit target
configure:5278: $? = 0
configure:5297: result: yes (GNU style)
configure:5323: checking dependency style of cc
configure:5435: result: gcc3
configure:5578: checking for C++ compiler version
configure:5587: c++ --version >&5
c++ (Ubuntu 11.4.0-1ubuntu1~22.04) 11.4.0
Copyright (C) 2021 Free Software Foundation, Inc.
This is free software; see the source for copying conditions.  There is NO
warranty; not even for MERCHANTABILITY or FITNESS FOR A PARTICULAR PURPOSE.

configure:5598: $? = 0
configure:5587: c++ -v >&5
Using built-in specs.
COLLECT_GCC=c++
COLLECT_LTO_WRAPPER=/usr/lib/gcc/x86_64-linux-gnu/11/lto-wrapper
OFFLOAD_TARGET_NAMES=nvptx-none:amdgcn-amdhsa
OFFLOAD_TARGET_DEFAULT=1
Target: x86_64-linux-gnu
Configured with: ../src/configure -v --with-pkgversion='Ubuntu 11.4.0-1ubuntu1~22.04' --with-bugurl=file:///usr/share/doc/gcc-11/README.Bugs --enable-languages=c,ada,c++,go,brig,d,fortran,objc,obj-c++,m2 --prefix=/usr --with-gcc-major-version-only --program-suffix=-11 --program-prefix=x86_64-linux-gnu- --enable-shared --enable-linker-build-id --libexecdir=/usr/lib --without-included-gettext --enable-threads=posix --libdir=/usr/lib --enable-nls --enable-bootstrap --enable-clocale=gnu --enable-libstdcxx-debug --enable-libstdcxx-time=yes --with-default-libstdcxx-abi=new --enable-gnu-unique-object --disable-vtable-verify --enable-plugin --enable-default-pie --with-system-zlib --enable-libphobos-checking=release --with-target-system-zlib=auto --enable-objc-gc=auto --enable-multiarch --disable-werror --enable-cet --with-arch-32=i686 --with-abi=m64 --with-multilib-list=m32,m64,mx32 --enable-multilib --with-tune=generic --enable-offload-targets=nvptx-none=/build/gcc-11-XeT9lY/gcc-11-11.4.0/debian/tmp-nvptx/usr,amdgcn-amdhsa=/build/gcc-11-XeT9lY/gcc-11-11.4.0/debian/tmp-gcn/usr --without-cuda-driver --enable-checking=release --build=x86_64-linux-gnu --host=x86_64-linux-gnu --target=x86_64-linux-gnu --with-build-config=bootstrap-lto-lean --enable-link-serialization=2
Thread model: posix
Supported LTO compression algorithms: zlib zstd
gcc version 11.4.0 (Ubuntu 11.4.0-1ubuntu1~22.04) 
... rest of stderr output deleted ...
configure:5598: $? = 0
configure:5587: c++ -V >&5
c++: error: unrecognized command-line option '-V'
c++: fatal error: no input files
compilation terminated.
configure:5598: $? = 1
configure:5587: c++ -qversion >&5
c++: error: unrecognized command-line option '-qversion'; did you mean '--version'?
c++: fatal error: no input files
compilation terminated.
configure:5598: $? = 1
configure:5602: checking whether the compiler supports GNU C++
configure:5622: c++ -c -O0 -ffunction-sections -fdata-sections -fPIC -m64  conftest.cpp >&5
configure:5622: $? = 0
configure:5632: result: yes
configure:5643: checking whether c++ accepts -g
configure:5664: c++ -c -g  conftest.cpp >&5
configure:5664: $? = 0
configure:5708: result: yes
configure:5728: checking for c++ option to enable C++11 features
configure:5743: c++  -c -O0 -ffunction-sections -fdata-sections -fPIC -m64  conftest.cpp >&5
conftest.cpp: In function 'int main(int, char**)':
conftest.cpp:177:25: warning: empty parentheses were disambiguated as a function declaration [-Wvexing-parse]
  177 |   cxx11test::delegate d2();
      |                         ^~
conftest.cpp:177:25: note: remove parentheses to default-initialize a variable
  177 |   cxx11test::delegate d2();
      |                         ^~
      |                         --
conftest.cpp:177:25: note: or replace parentheses with braces to value-initialize a variable
configure:5743: $? = 0
configure:5761: result: none needed
configure:5827: checking dependency style of c++
configure:5939: result: gcc3
configure:5959: checking how to run the C preprocessor
configure:5985: cc -E  conftest.c
configure:5985: $? = 0
configure:6000: cc -E  conftest.c
conftest.c:11:10: fatal error: ac_nonexistent.h: No such file or directory
   11 | #include <ac_nonexistent.h>
      |          ^~~~~~~~~~~~~~~~~~
compilation terminated.
configure:6000: $? = 1
configure: failed program was:
| /* confdefs.h */
| #define PACKAGE_NAME "Protocol Buffers"
| #define PACKAGE_TARNAME "protobuf"
| #define PACKAGE_VERSION "3.21.5"
| #define PACKAGE_STRING "Protocol Buffers 3.21.5"
| #define PACKAGE_BUGREPORT "protobuf@googlegroups.com"
| #define PACKAGE_URL ""
| #define PACKAGE "protobuf"
| #define VERSION "3.21.5"
| /* end confdefs.h.  */
| #include <ac_nonexistent.h>
configure:6027: result: cc -E
configure:6041: cc -E  conftest.c
configure:6041: $? = 0
configure:6056: cc -E  conftest.c
conftest.c:11:10: fatal error: ac_nonexistent.h: No such file or directory
   11 | #include <ac_nonexistent.h>
      |          ^~~~~~~~~~~~~~~~~~
compilation terminated.
configure:6056: $? = 1
configure: failed program was:
| /* confdefs.h */
| #define PACKAGE_NAME "Protocol Buffers"
| #define PACKAGE_TARNAME "protobuf"
| #define PACKAGE_VERSION "3.21.5"
| #define PACKAGE_STRING "Protocol Buffers 3.21.5"
| #define PACKAGE_BUGREPORT "protobuf@googlegroups.com"
| #define PACKAGE_URL ""
| #define PACKAGE "protobuf"
| #define VERSION "3.21.5"
| /* end confdefs.h.  */
| #include <ac_nonexistent.h>
configure:6147: checking for gcc
configure:6168: found /usr/bin/gcc
configure:6179: result: gcc
configure:6532: checking for C compiler version
configure:6541: gcc --version >&5
gcc (Ubuntu 11.4.0-1ubuntu1~22.04) 11.4.0
Copyright (C) 2021 Free Software Foundation, Inc.
This is free software; see the source for copying conditions.  There is NO
warranty; not even for MERCHANTABILITY or FITNESS FOR A PARTICULAR PURPOSE.

configure:6552: $? = 0
configure:6541: gcc -v >&5
Using built-in specs.
COLLECT_GCC=gcc
COLLECT_LTO_WRAPPER=/usr/lib/gcc/x86_64-linux-gnu/11/lto-wrapper
OFFLOAD_TARGET_NAMES=nvptx-none:amdgcn-amdhsa
OFFLOAD_TARGET_DEFAULT=1
Target: x86_64-linux-gnu
Configured with: ../src/configure -v --with-pkgversion='Ubuntu 11.4.0-1ubuntu1~22.04' --with-bugurl=file:///usr/share/doc/gcc-11/README.Bugs --enable-languages=c,ada,c++,go,brig,d,fortran,objc,obj-c++,m2 --prefix=/usr --with-gcc-major-version-only --program-suffix=-11 --program-prefix=x86_64-linux-gnu- --enable-shared --enable-linker-build-id --libexecdir=/usr/lib --without-included-gettext --enable-threads=posix --libdir=/usr/lib --enable-nls --enable-bootstrap --enable-clocale=gnu --enable-libstdcxx-debug --enable-libstdcxx-time=yes --with-default-libstdcxx-abi=new --enable-gnu-unique-object --disable-vtable-verify --enable-plugin --enable-default-pie --with-system-zlib --enable-libphobos-checking=release --with-target-system-zlib=auto --enable-objc-gc=auto --enable-multiarch --disable-werror --enable-cet --with-arch-32=i686 --with-abi=m64 --with-multilib-list=m32,m64,mx32 --enable-multilib --with-tune=generic --enable-offload-targets=nvptx-none=/build/gcc-11-XeT9lY/gcc-11-11.4.0/debian/tmp-nvptx/usr,amdgcn-amdhsa=/build/gcc-11-XeT9lY/gcc-11-11.4.0/debian/tmp-gcn/usr --without-cuda-driver --enable-checking=release --build=x86_64-linux-gnu --host=x86_64-linux-gnu --target=x86_64-linux-gnu --with-build-config=bootstrap-lto-lean --enable-link-serialization=2
Thread model: posix
Supported LTO compression algorithms: zlib zstd
gcc version 11.4.0 (Ubuntu 11.4.0-1ubuntu1~22.04) 
... rest of stderr output deleted ...
configure:6552: $? = 0
configure:6541: gcc -V >&5
gcc: error: unrecognized command-line option '-V'
gcc: fatal error: no input files
compilation terminated.
configure:6552: $? = 1
configure:6541: gcc -qversion >&5
gcc: error: unrecognized command-line option '-qversion'; did you mean '--version'?
gcc: fatal error: no input files
compilation terminated.
configure:6552: $? = 1
configure:6541: gcc -version >&5
gcc: error: unrecognized command-line option '-version'
gcc: fatal error: no input files
compilation terminated.
configure:6552: $? = 1
configure:6556: checking whether the compiler supports GNU C
configure:6586: result: yes
configure:6597: checking whether gcc accepts -g
configure:6618: cc -c -O0 -ffunction-sections -fdata-sections -fPIC -m64  conftest.c >&5
configure:6618: $? = 0
configure:6662: result: yes
configure:6682: checking for gcc option to enable C11 features
configure:6715: result: none needed
configure:6831: checking whether gcc understands -c and -o together
configure:6869: result: yes
configure:6888: checking dependency style of gcc
configure:7000: result: gcc3
configure:7020: checking how to run the C preprocessor
configure:7046: cc -E  conftest.c
configure:7046: $? = 0
configure:7061: cc -E  conftest.c
conftest.c:11:10: fatal error: ac_nonexistent.h: No such file or directory
   11 | #include <ac_nonexistent.h>
      |          ^~~~~~~~~~~~~~~~~~
compilation terminated.
configure:7061: $? = 1
configure: failed program was:
| /* confdefs.h */
| #define PACKAGE_NAME "Protocol Buffers"
| #define PACKAGE_TARNAME "protobuf"
| #define PACKAGE_VERSION "3.21.5"
| #define PACKAGE_STRING "Protocol Buffers 3.21.5"
| #define PACKAGE_BUGREPORT "protobuf@googlegroups.com"
| #define PACKAGE_URL ""
| #define PACKAGE "protobuf"
| #define VERSION "3.21.5"
| /* end confdefs.h.  */
| #include <ac_nonexistent.h>
configure:7088: result: gcc -E
configure:7102: cc -E  conftest.c
configure:7102: $? = 0
configure:7117: cc -E  conftest.c
conftest.c:11:10: fatal error: ac_nonexistent.h: No such file or directory
   11 | #include <ac_nonexistent.h>
      |          ^~~~~~~~~~~~~~~~~~
compilation terminated.
configure:7117: $? = 1
configure: failed program was:
| /* confdefs.h */
| #define PACKAGE_NAME "Protocol Buffers"
| #define PACKAGE_TARNAME "protobuf"
| #define PACKAGE_VERSION "3.21.5"
| #define PACKAGE_STRING "Protocol Buffers 3.21.5"
| #define PACKAGE_BUGREPORT "protobuf@googlegroups.com"
| #define PACKAGE_URL ""
| #define PACKAGE "protobuf"
| #define VERSION "3.21.5"
| /* end confdefs.h.  */
| #include <ac_nonexistent.h>
configure:7161: checking how to run the C++ preprocessor
configure:7183: c++ -E  conftest.cpp
configure:7183: $? = 0
configure:7198: c++ -E  conftest.cpp
conftest.cpp:11:10: fatal error: ac_nonexistent.h: No such file or directory
   11 | #include <ac_nonexistent.h>
      |          ^~~~~~~~~~~~~~~~~~
compilation terminated.
configure:7198: $? = 1
configure: failed program was:
| /* confdefs.h */
| #define PACKAGE_NAME "Protocol Buffers"
| #define PACKAGE_TARNAME "protobuf"
| #define PACKAGE_VERSION "3.21.5"
| #define PACKAGE_STRING "Protocol Buffers 3.21.5"
| #define PACKAGE_BUGREPORT "protobuf@googlegroups.com"
| #define PACKAGE_URL ""
| #define PACKAGE "protobuf"
| #define VERSION "3.21.5"
| /* end confdefs.h.  */
| #include <ac_nonexistent.h>
configure:7225: result: c++ -E
configure:7239: c++ -E  conftest.cpp
configure:7239: $? = 0
configure:7254: c++ -E  conftest.cpp
conftest.cpp:11:10: fatal error: ac_nonexistent.h: No such file or directory
   11 | #include <ac_nonexistent.h>
      |          ^~~~~~~~~~~~~~~~~~
compilation terminated.
configure:7254: $? = 1
configure: failed program was:
| /* confdefs.h */
| #define PACKAGE_NAME "Protocol Buffers"
| #define PACKAGE_TARNAME "protobuf"
| #define PACKAGE_VERSION "3.21.5"
| #define PACKAGE_STRING "Protocol Buffers 3.21.5"
| #define PACKAGE_BUGREPORT "protobuf@googlegroups.com"
| #define PACKAGE_URL ""
| #define PACKAGE "protobuf"
| #define VERSION "3.21.5"
| /* end confdefs.h.  */
| #include <ac_nonexistent.h>
configure:7354: checking for g++
configure:7375: found /usr/bin/g++
configure:7386: result: g++
configure:7413: checking for C++ compiler version
configure:7422: g++ --version >&5
g++ (Ubuntu 11.4.0-1ubuntu1~22.04) 11.4.0
Copyright (C) 2021 Free Software Foundation, Inc.
This is free software; see the source for copying conditions.  There is NO
warranty; not even for MERCHANTABILITY or FITNESS FOR A PARTICULAR PURPOSE.

configure:7433: $? = 0
configure:7422: g++ -v >&5
Using built-in specs.
COLLECT_GCC=g++
COLLECT_LTO_WRAPPER=/usr/lib/gcc/x86_64-linux-gnu/11/lto-wrapper
OFFLOAD_TARGET_NAMES=nvptx-none:amdgcn-amdhsa
OFFLOAD_TARGET_DEFAULT=1
Target: x86_64-linux-gnu
Configured with: ../src/configure -v --with-pkgversion='Ubuntu 11.4.0-1ubuntu1~22.04' --with-bugurl=file:///usr/share/doc/gcc-11/README.Bugs --enable-languages=c,ada,c++,go,brig,d,fortran,objc,obj-c++,m2 --prefix=/usr --with-gcc-major-version-only --program-suffix=-11 --program-prefix=x86_64-linux-gnu- --enable-shared --enable-linker-build-id --libexecdir=/usr/lib --without-included-gettext --enable-threads=posix --libdir=/usr/lib --enable-nls --enable-bootstrap --enable-clocale=gnu --enable-libstdcxx-debug --enable-libstdcxx-time=yes --with-default-libstdcxx-abi=new --enable-gnu-unique-object --disable-vtable-verify --enable-plugin --enable-default-pie --with-system-zlib --enable-libphobos-checking=release --with-target-system-zlib=auto --enable-objc-gc=auto --enable-multiarch --disable-werror --enable-cet --with-arch-32=i686 --with-abi=m64 --with-multilib-list=m32,m64,mx32 --enable-multilib --with-tune=generic --enable-offload-targets=nvptx-none=/build/gcc-11-XeT9lY/gcc-11-11.4.0/debian/tmp-nvptx/usr,amdgcn-amdhsa=/build/gcc-11-XeT9lY/gcc-11-11.4.0/debian/tmp-gcn/usr --without-cuda-driver --enable-checking=release --build=x86_64-linux-gnu --host=x86_64-linux-gnu --target=x86_64-linux-gnu --with-build-config=bootstrap-lto-lean --enable-link-serialization=2
Thread model: posix
Supported LTO compression algorithms: zlib zstd
gcc version 11.4.0 (Ubuntu 11.4.0-1ubuntu1~22.04) 
... rest of stderr output deleted ...
configure:7433: $? = 0
configure:7422: g++ -V >&5
g++: error: unrecognized command-line option '-V'
g++: fatal error: no input files
compilation terminated.
configure:7433: $? = 1
configure:7422: g++ -qversion >&5
g++: error: unrecognized command-line option '-qversion'; did you mean '--version'?
g++: fatal error: no input files
compilation terminated.
configure:7433: $? = 1
configure:7437: checking whether the compiler supports GNU C++
configure:7467: result: yes
configure:7478: checking whether g++ accepts -g
configure:7499: cc -c -O0 -ffunction-sections -fdata-sections -fPIC -m64  conftest.cpp >&5
configure:7499: $? = 0
configure:7543: result: yes
configure:7563: checking for g++ option to enable C++11 features
configure:7596: result: none needed
configure:7662: checking dependency style of g++
configure:7774: result: gcc3
configure:7794: checking how to run the C++ preprocessor
configure:7816: g++ -E  conftest.cpp
configure:7816: $? = 0
configure:7831: g++ -E  conftest.cpp
conftest.cpp:11:10: fatal error: ac_nonexistent.h: No such file or directory
   11 | #include <ac_nonexistent.h>
      |          ^~~~~~~~~~~~~~~~~~
compilation terminated.
configure:7831: $? = 1
configure: failed program was:
| /* confdefs.h */
| #define PACKAGE_NAME "Protocol Buffers"
| #define PACKAGE_TARNAME "protobuf"
| #define PACKAGE_VERSION "3.21.5"
| #define PACKAGE_STRING "Protocol Buffers 3.21.5"
| #define PACKAGE_BUGREPORT "protobuf@googlegroups.com"
| #define PACKAGE_URL ""
| #define PACKAGE "protobuf"
| #define VERSION "3.21.5"
| /* end confdefs.h.  */
| #include <ac_nonexistent.h>
configure:7858: result: g++ -E
configure:7872: g++ -E  conftest.cpp
configure:7872: $? = 0
configure:7887: g++ -E  conftest.cpp
conftest.cpp:11:10: fatal error: ac_nonexistent.h: No such file or directory
   11 | #include <ac_nonexistent.h>
      |          ^~~~~~~~~~~~~~~~~~
compilation terminated.
configure:7887: $? = 1
configure: failed program was:
| /* confdefs.h */
| #define PACKAGE_NAME "Protocol Buffers"
| #define PACKAGE_TARNAME "protobuf"
| #define PACKAGE_VERSION "3.21.5"
| #define PACKAGE_STRING "Protocol Buffers 3.21.5"
| #define PACKAGE_BUGREPORT "protobuf@googlegroups.com"
| #define PACKAGE_URL ""
| #define PACKAGE "protobuf"
| #define VERSION "3.21.5"
| /* end confdefs.h.  */
| #include <ac_nonexistent.h>
configure:7934: checking for stdio.h
configure:7934: c++ -c -O0 -ffunction-sections -fdata-sections -fPIC -m64  conftest.cpp >&5
configure:7934: $? = 0
configure:7934: result: yes
configure:7934: checking for stdlib.h
configure:7934: c++ -c -O0 -ffunction-sections -fdata-sections -fPIC -m64  conftest.cpp >&5
configure:7934: $? = 0
configure:7934: result: yes
configure:7934: checking for string.h
configure:7934: c++ -c -O0 -ffunction-sections -fdata-sections -fPIC -m64  conftest.cpp >&5
configure:7934: $? = 0
configure:7934: result: yes
configure:7934: checking for inttypes.h
configure:7934: c++ -c -O0 -ffunction-sections -fdata-sections -fPIC -m64  conftest.cpp >&5
configure:7934: $? = 0
configure:7934: result: yes
configure:7934: checking for stdint.h
configure:7934: c++ -c -O0 -ffunction-sections -fdata-sections -fPIC -m64  conftest.cpp >&5
configure:7934: $? = 0
configure:7934: result: yes
configure:7934: checking for strings.h
configure:7934: c++ -c -O0 -ffunction-sections -fdata-sections -fPIC -m64  conftest.cpp >&5
configure:7934: $? = 0
configure:7934: result: yes
configure:7934: checking for sys/stat.h
configure:7934: c++ -c -O0 -ffunction-sections -fdata-sections -fPIC -m64  conftest.cpp >&5
configure:7934: $? = 0
configure:7934: result: yes
configure:7934: checking for sys/types.h
configure:7934: c++ -c -O0 -ffunction-sections -fdata-sections -fPIC -m64  conftest.cpp >&5
configure:7934: $? = 0
configure:7934: result: yes
configure:7934: checking for unistd.h
configure:7934: c++ -c -O0 -ffunction-sections -fdata-sections -fPIC -m64  conftest.cpp >&5
configure:7934: $? = 0
configure:7934: result: yes
configure:7934: checking for wchar.h
configure:7934: c++ -c -O0 -ffunction-sections -fdata-sections -fPIC -m64  conftest.cpp >&5
configure:7934: $? = 0
configure:7934: result: yes
configure:7934: checking for minix/config.h
configure:7934: c++ -c -O0 -ffunction-sections -fdata-sections -fPIC -m64  conftest.cpp >&5
conftest.cpp:49:10: fatal error: minix/config.h: No such file or directory
   49 | #include <minix/config.h>
      |          ^~~~~~~~~~~~~~~~
compilation terminated.
configure:7934: $? = 1
configure: failed program was:
| /* confdefs.h */
| #define PACKAGE_NAME "Protocol Buffers"
| #define PACKAGE_TARNAME "protobuf"
| #define PACKAGE_VERSION "3.21.5"
| #define PACKAGE_STRING "Protocol Buffers 3.21.5"
| #define PACKAGE_BUGREPORT "protobuf@googlegroups.com"
| #define PACKAGE_URL ""
| #define PACKAGE "protobuf"
| #define VERSION "3.21.5"
| #define HAVE_STDIO_H 1
| #define HAVE_STDLIB_H 1
| #define HAVE_STRING_H 1
| #define HAVE_INTTYPES_H 1
| #define HAVE_STDINT_H 1
| #define HAVE_STRINGS_H 1
| #define HAVE_SYS_STAT_H 1
| #define HAVE_SYS_TYPES_H 1
| #define HAVE_UNISTD_H 1
| #define HAVE_WCHAR_H 1
| /* end confdefs.h.  */
| #include <stddef.h>
| #ifdef HAVE_STDIO_H
| # include <stdio.h>
| #endif
| #ifdef HAVE_STDLIB_H
| # include <stdlib.h>
| #endif
| #ifdef HAVE_STRING_H
| # include <string.h>
| #endif
| #ifdef HAVE_INTTYPES_H
| # include <inttypes.h>
| #endif
| #ifdef HAVE_STDINT_H
| # include <stdint.h>
| #endif
| #ifdef HAVE_STRINGS_H
| # include <strings.h>
| #endif
| #ifdef HAVE_SYS_TYPES_H
| # include <sys/types.h>
| #endif
| #ifdef HAVE_SYS_STAT_H
| # include <sys/stat.h>
| #endif
| #ifdef HAVE_UNISTD_H
| # include <unistd.h>
| #endif
| #include <minix/config.h>
configure:7934: result: no
configure:7965: checking whether it is safe to define __EXTENSIONS__
configure:7984: c++ -c -O0 -ffunction-sections -fdata-sections -fPIC -m64  conftest.cpp >&5
configure:7984: $? = 0
configure:7992: result: yes
configure:7995: checking whether _XOPEN_SOURCE should be defined
configure:8017: c++ -c -O0 -ffunction-sections -fdata-sections -fPIC -m64  conftest.cpp >&5
configure:8017: $? = 0
configure:8044: result: no
configure:8161: checking for ar
configure:8182: found /usr/bin/ar
configure:8193: result: ar
configure:8219: checking the archiver (ar) interface
configure:8236: cc -c -O0 -ffunction-sections -fdata-sections -fPIC -m64  conftest.c >&5
configure:8236: $? = 0
configure:8239: ar cru libconftest.a conftest.o >&5
ar: `u' modifier ignored since `D' is the default (see `U')
configure:8242: $? = 0
configure:8270: result: ar
configure:8708: checking C++ compiler flags...
configure:8731: result: use user-supplied: -O0 -ffunction-sections -fdata-sections -fPIC -m64
configure:8738: checking for c++ options needed to detect all undeclared functions
configure:8760: c++ -c -O0 -ffunction-sections -fdata-sections -fPIC -m64  conftest.cpp >&5
conftest.cpp: In function 'int main()':
conftest.cpp:42:8: error: 'strchr' was not declared in this scope
   42 | (void) strchr;
      |        ^~~~~~
conftest.cpp:1:1: note: 'strchr' is defined in header '<cstring>'; did you forget to '#include <cstring>'?
    1 | /* confdefs.h */
configure:8760: $? = 1
configure: failed program was:
| /* confdefs.h */
| #define PACKAGE_NAME "Protocol Buffers"
| #define PACKAGE_TARNAME "protobuf"
| #define PACKAGE_VERSION "3.21.5"
| #define PACKAGE_STRING "Protocol Buffers 3.21.5"
| #define PACKAGE_BUGREPORT "protobuf@googlegroups.com"
| #define PACKAGE_URL ""
| #define PACKAGE "protobuf"
| #define VERSION "3.21.5"
| #define HAVE_STDIO_H 1
| #define HAVE_STDLIB_H 1
| #define HAVE_STRING_H 1
| #define HAVE_INTTYPES_H 1
| #define HAVE_STDINT_H 1
| #define HAVE_STRINGS_H 1
| #define HAVE_SYS_STAT_H 1
| #define HAVE_SYS_TYPES_H 1
| #define HAVE_UNISTD_H 1
| #define HAVE_WCHAR_H 1
| #define STDC_HEADERS 1
| #define _ALL_SOURCE 1
| #define _DARWIN_C_SOURCE 1
| #define _GNU_SOURCE 1
| #define _HPUX_ALT_XOPEN_SOCKET_API 1
| #define _NETBSD_SOURCE 1
| #define _OPENBSD_SOURCE 1
| #define _POSIX_PTHREAD_SEMANTICS 1
| #define __STDC_WANT_IEC_60559_ATTRIBS_EXT__ 1
| #define __STDC_WANT_IEC_60559_BFP_EXT__ 1
| #define __STDC_WANT_IEC_60559_DFP_EXT__ 1
| #define __STDC_WANT_IEC_60559_FUNCS_EXT__ 1
| #define __STDC_WANT_IEC_60559_TYPES_EXT__ 1
| #define __STDC_WANT_LIB_EXT2__ 1
| #define __STDC_WANT_MATH_SPEC_FUNCS__ 1
| #define _TANDEM_SOURCE 1
| #define __EXTENSIONS__ 1
| /* end confdefs.h.  */
| 
| int
| main (void)
| {
| (void) strchr;
|   ;
|   return 0;
| }
configure:8787: c++ -c -O0 -ffunction-sections -fdata-sections -fPIC -m64  conftest.cpp >&5
configure:8787: $? = 0
configure:8804: result: none needed
configure:8826: checking whether __SUNPRO_CC is declared
configure:8826: c++ -c -O0 -ffunction-sections -fdata-sections -fPIC -m64   conftest.cpp >&5
conftest.cpp: In function 'int main()':
conftest.cpp:71:10: error: '__SUNPRO_CC' was not declared in this scope
   71 |   (void) __SUNPRO_CC;
      |          ^~~~~~~~~~~
configure:8826: $? = 1
configure: failed program was:
| /* confdefs.h */
| #define PACKAGE_NAME "Protocol Buffers"
| #define PACKAGE_TARNAME "protobuf"
| #define PACKAGE_VERSION "3.21.5"
| #define PACKAGE_STRING "Protocol Buffers 3.21.5"
| #define PACKAGE_BUGREPORT "protobuf@googlegroups.com"
| #define PACKAGE_URL ""
| #define PACKAGE "protobuf"
| #define VERSION "3.21.5"
| #define HAVE_STDIO_H 1
| #define HAVE_STDLIB_H 1
| #define HAVE_STRING_H 1
| #define HAVE_INTTYPES_H 1
| #define HAVE_STDINT_H 1
| #define HAVE_STRINGS_H 1
| #define HAVE_SYS_STAT_H 1
| #define HAVE_SYS_TYPES_H 1
| #define HAVE_UNISTD_H 1
| #define HAVE_WCHAR_H 1
| #define STDC_HEADERS 1
| #define _ALL_SOURCE 1
| #define _DARWIN_C_SOURCE 1
| #define _GNU_SOURCE 1
| #define _HPUX_ALT_XOPEN_SOCKET_API 1
| #define _NETBSD_SOURCE 1
| #define _OPENBSD_SOURCE 1
| #define _POSIX_PTHREAD_SEMANTICS 1
| #define __STDC_WANT_IEC_60559_ATTRIBS_EXT__ 1
| #define __STDC_WANT_IEC_60559_BFP_EXT__ 1
| #define __STDC_WANT_IEC_60559_DFP_EXT__ 1
| #define __STDC_WANT_IEC_60559_FUNCS_EXT__ 1
| #define __STDC_WANT_IEC_60559_TYPES_EXT__ 1
| #define __STDC_WANT_LIB_EXT2__ 1
| #define __STDC_WANT_MATH_SPEC_FUNCS__ 1
| #define _TANDEM_SOURCE 1
| #define __EXTENSIONS__ 1
| /* end confdefs.h.  */
| #include <stddef.h>
| #ifdef HAVE_STDIO_H
| # include <stdio.h>
| #endif
| #ifdef HAVE_STDLIB_H
| # include <stdlib.h>
| #endif
| #ifdef HAVE_STRING_H
| # include <string.h>
| #endif
| #ifdef HAVE_INTTYPES_H
| # include <inttypes.h>
| #endif
| #ifdef HAVE_STDINT_H
| # include <stdint.h>
| #endif
| #ifdef HAVE_STRINGS_H
| # include <strings.h>
| #endif
| #ifdef HAVE_SYS_TYPES_H
| # include <sys/types.h>
| #endif
| #ifdef HAVE_SYS_STAT_H
| # include <sys/stat.h>
| #endif
| #ifdef HAVE_UNISTD_H
| # include <unistd.h>
| #endif
| int
| main (void)
| {
| #ifndef __SUNPRO_CC
| #ifdef __cplusplus
|   (void) __SUNPRO_CC;
| #else
|   (void) __SUNPRO_CC;
| #endif
| #endif
| 
|   ;
|   return 0;
| }
configure:8826: result: no
configure:9009: checking how to print strings
configure:9036: result: printf
configure:9057: checking for a sed that does not truncate output
configure:9127: result: /usr/bin/sed
configure:9145: checking for grep that handles long lines and -e
configure:9209: result: /usr/bin/grep
configure:9214: checking for egrep
configure:9282: result: /usr/bin/grep -E
configure:9287: checking for fgrep
configure:9355: result: /usr/bin/grep -F
configure:9391: checking for ld used by cc
configure:9459: result: /usr/bin/ld
configure:9466: checking if the linker (/usr/bin/ld) is GNU ld
configure:9482: result: yes
configure:9494: checking for BSD- or MS-compatible name lister (nm)
configure:9549: result: /usr/bin/nm -B
configure:9689: checking the name lister (/usr/bin/nm -B) interface
configure:9697: c++ -c -O0 -ffunction-sections -fdata-sections -fPIC -m64  conftest.cpp >&5
configure:9700: /usr/bin/nm -B "conftest.o"
configure:9703: output
0000000000000000 B some_variable
configure:9710: result: BSD nm
configure:9713: checking whether ln -s works
configure:9717: result: yes
configure:9725: checking the maximum length of command line arguments
configure:9857: result: 1572864
configure:9905: checking how to convert x86_64-pc-linux-gnu file names to x86_64-pc-linux-gnu format
configure:9946: result: func_convert_file_noop
configure:9953: checking how to convert x86_64-pc-linux-gnu file names to toolchain format
configure:9974: result: func_convert_file_noop
configure:9981: checking for /usr/bin/ld option to reload object files
configure:9989: result: -r
configure:10068: checking for file
configure:10089: found /usr/bin/file
configure:10100: result: file
configure:10176: checking for objdump
configure:10197: found /usr/bin/objdump
configure:10208: result: objdump
configure:10240: checking how to recognize dependent libraries
configure:10441: result: pass_all
configure:10531: checking for dlltool
configure:10566: result: no
configure:10596: checking how to associate runtime and link libraries
configure:10624: result: printf %s\n
configure:10774: checking for archiver @FILE support
configure:10792: c++ -c -O0 -ffunction-sections -fdata-sections -fPIC -m64  conftest.cpp >&5
configure:10792: $? = 0
configure:10796: ar cr libconftest.a @conftest.lst >&5
configure:10799: $? = 0
configure:10804: ar cr libconftest.a @conftest.lst >&5
ar: conftest.o: No such file or directory
configure:10807: $? = 1
configure:10819: result: @
configure:10882: checking for strip
configure:10903: found /usr/bin/strip
configure:10914: result: strip
configure:10991: checking for ranlib
configure:11012: found /usr/bin/ranlib
configure:11023: result: ranlib
configure:11125: checking command to parse /usr/bin/nm -B output from cc object
configure:11279: c++ -c -O0 -ffunction-sections -fdata-sections -fPIC -m64  conftest.cpp >&5
configure:11282: $? = 0
configure:11286: /usr/bin/nm -B conftest.o \| /usr/bin/sed -n -e 's/^.*[ ]\([ABCDGIRSTW][ABCDGIRSTW]*\)[ ][ ]*\([_A-Za-z][_A-Za-z0-9]*\)$/\1 \2 \2/p' | /usr/bin/sed '/ __gnu_lto/d' \> conftest.nm
configure:11289: $? = 0
configure:11355: c++ -o conftest -O0 -ffunction-sections -fdata-sections -fPIC -m64   conftest.cpp conftstm.o >&5
configure:11358: $? = 0
configure:11396: result: ok
configure:11443: checking for sysroot
configure:11474: result: no
configure:11481: checking for a working dd
configure:11525: result: /usr/bin/dd
configure:11529: checking how to truncate binary pipes
configure:11545: result: /usr/bin/dd bs=4096 count=1
configure:11682: c++ -c -O0 -ffunction-sections -fdata-sections -fPIC -m64  conftest.cpp >&5
configure:11685: $? = 0
configure:11882: checking for mt
configure:11903: found /usr/bin/mt
configure:11914: result: mt
configure:11937: checking if mt is a manifest tool
configure:11944: mt '-?'
configure:11952: result: no
configure:12673: checking for dlfcn.h
configure:12673: c++ -c -O0 -ffunction-sections -fdata-sections -fPIC -m64  conftest.cpp >&5
configure:12673: $? = 0
configure:12673: result: yes
configure:12942: checking for objdir
configure:12958: result: .libs
configure:13222: checking if cc supports -fno-rtti -fno-exceptions
configure:13241: cc -c -O0 -ffunction-sections -fdata-sections -fPIC -m64  -fno-rtti -fno-exceptions conftest.c >&5
cc1: warning: command-line option '-fno-rtti' is valid for C++/D/ObjC++ but not for C
configure:13245: $? = 0
configure:13258: result: no
configure:13616: checking for cc option to produce PIC
configure:13624: result: -fPIC -DPIC
configure:13632: checking if cc PIC flag -fPIC -DPIC works
configure:13651: cc -c -O0 -ffunction-sections -fdata-sections -fPIC -m64  -fPIC -DPIC -DPIC conftest.c >&5
configure:13655: $? = 0
configure:13668: result: yes
configure:13697: checking if cc static flag -static works
configure:13726: result: yes
configure:13741: checking if cc supports -c -o file.o
configure:13763: cc -c -O0 -ffunction-sections -fdata-sections -fPIC -m64  -o out/conftest2.o conftest.c >&5
configure:13767: $? = 0
configure:13789: result: yes
configure:13797: checking if cc supports -c -o file.o
configure:13845: result: yes
configure:13878: checking whether the cc linker (/usr/bin/ld -m elf_x86_64) supports shared libraries
configure:15146: result: yes
configure:15387: checking dynamic linker characteristics
configure:15969: cc -o conftest -O0 -ffunction-sections -fdata-sections -fPIC -m64   -Wl,-rpath -Wl,/foo conftest.c  >&5
configure:15969: $? = 0
configure:16208: result: GNU/Linux ld.so
configure:16330: checking how to hardcode library paths into programs
configure:16355: result: immediate
configure:16907: checking whether stripping libraries is possible
configure:16916: result: yes
configure:16958: checking if libtool supports shared libraries
configure:16960: result: yes
configure:16963: checking whether to build shared libraries
configure:16988: result: no
configure:16991: checking whether to build static libraries
configure:16995: result: yes
configure:17018: checking how to run the C++ preprocessor
configure:17082: result: c++ -E
configure:17096: c++ -E  conftest.cpp
configure:17096: $? = 0
configure:17111: c++ -E  conftest.cpp
conftest.cpp:40:10: fatal error: ac_nonexistent.h: No such file or directory
   40 | #include <ac_nonexistent.h>
      |          ^~~~~~~~~~~~~~~~~~
compilation terminated.
configure:17111: $? = 1
configure: failed program was:
| /* confdefs.h */
| #define PACKAGE_NAME "Protocol Buffers"
| #define PACKAGE_TARNAME "protobuf"
| #define PACKAGE_VERSION "3.21.5"
| #define PACKAGE_STRING "Protocol Buffers 3.21.5"
| #define PACKAGE_BUGREPORT "protobuf@googlegroups.com"
| #define PACKAGE_URL ""
| #define PACKAGE "protobuf"
| #define VERSION "3.21.5"
| #define HAVE_STDIO_H 1
| #define HAVE_STDLIB_H 1
| #define HAVE_STRING_H 1
| #define HAVE_INTTYPES_H 1
| #define HAVE_STDINT_H 1
| #define HAVE_STRINGS_H 1
| #define HAVE_SYS_STAT_H 1
| #define HAVE_SYS_TYPES_H 1
| #define HAVE_UNISTD_H 1
| #define HAVE_WCHAR_H 1
| #define STDC_HEADERS 1
| #define _ALL_SOURCE 1
| #define _DARWIN_C_SOURCE 1
| #define _GNU_SOURCE 1
| #define _HPUX_ALT_XOPEN_SOCKET_API 1
| #define _NETBSD_SOURCE 1
| #define _OPENBSD_SOURCE 1
| #define _POSIX_PTHREAD_SEMANTICS 1
| #define __STDC_WANT_IEC_60559_ATTRIBS_EXT__ 1
| #define __STDC_WANT_IEC_60559_BFP_EXT__ 1
| #define __STDC_WANT_IEC_60559_DFP_EXT__ 1
| #define __STDC_WANT_IEC_60559_FUNCS_EXT__ 1
| #define __STDC_WANT_IEC_60559_TYPES_EXT__ 1
| #define __STDC_WANT_LIB_EXT2__ 1
| #define __STDC_WANT_MATH_SPEC_FUNCS__ 1
| #define _TANDEM_SOURCE 1
| #define __EXTENSIONS__ 1
| #define HAVE_DLFCN_H 1
| #define LT_OBJDIR ".libs/"
| /* end confdefs.h.  */
| #include <ac_nonexistent.h>
configure:17276: checking for ld used by c++
configure:17344: result: /usr/bin/ld -m elf_x86_64
configure:17351: checking if the linker (/usr/bin/ld -m elf_x86_64) is GNU ld
configure:17367: result: yes
configure:17422: checking whether the c++ linker (/usr/bin/ld -m elf_x86_64) supports shared libraries
configure:18500: result: yes
configure:18536: c++ -c -O0 -ffunction-sections -fdata-sections -fPIC -m64  conftest.cpp >&5
configure:18539: $? = 0
configure:19020: checking for c++ option to produce PIC
configure:19028: result: -fPIC -DPIC
configure:19036: checking if c++ PIC flag -fPIC -DPIC works
configure:19055: c++ -c -O0 -ffunction-sections -fdata-sections -fPIC -m64  -fPIC -DPIC -DPIC conftest.cpp >&5
configure:19059: $? = 0
configure:19072: result: yes
configure:19095: checking if c++ static flag -static works
configure:19124: result: yes
configure:19136: checking if c++ supports -c -o file.o
configure:19158: c++ -c -O0 -ffunction-sections -fdata-sections -fPIC -m64  -o out/conftest2.o conftest.cpp >&5
configure:19162: $? = 0
configure:19184: result: yes
configure:19189: checking if c++ supports -c -o file.o
configure:19237: result: yes
configure:19267: checking whether the c++ linker (/usr/bin/ld -m elf_x86_64) supports shared libraries
configure:19307: result: yes
configure:19449: checking dynamic linker characteristics
configure:20197: result: GNU/Linux ld.so
configure:20262: checking how to hardcode library paths into programs
configure:20287: result: immediate
configure:20350: checking whether the linker supports version scripts
configure:20366: c++ -o conftest -O0 -ffunction-sections -fdata-sections -fPIC -m64   -Wl,--version-script=conftest.map conftest.cpp  >&5
configure:20366: $? = 0
configure:20368: result: yes
configure:20390: checking for egrep
configure:20458: result: /usr/bin/grep -E
configure:20464: checking for fcntl.h
configure:20464: c++ -c -O0 -ffunction-sections -fdata-sections -fPIC -m64  conftest.cpp >&5
configure:20464: $? = 0
configure:20464: result: yes
configure:20470: checking for inttypes.h
configure:20470: result: yes
configure:20476: checking for limits.h
configure:20476: c++ -c -O0 -ffunction-sections -fdata-sections -fPIC -m64  conftest.cpp >&5
configure:20476: $? = 0
configure:20476: result: yes
configure:20482: checking for stdlib.h
configure:20482: result: yes
configure:20488: checking for unistd.h
configure:20488: result: yes
configure:20497: checking for working memcmp
configure:20542: c++ -o conftest -O0 -ffunction-sections -fdata-sections -fPIC -m64   conftest.cpp  >&5
configure:20542: $? = 0
configure:20542: ./conftest
configure:20542: $? = 0
configure:20553: result: yes
configure:20562: checking for working strtod
configure:20605: c++ -o conftest -O0 -ffunction-sections -fdata-sections -fPIC -m64   conftest.cpp  >&5
conftest.cpp: In function 'int main()':
conftest.cpp:82:20: warning: ISO C++ forbids converting a string constant to 'char*' [-Wwrite-strings]
   82 |     char *string = " +69";
      |                    ^~~~~~
conftest.cpp:93:20: warning: ISO C++ forbids converting a string constant to 'char*' [-Wwrite-strings]
   93 |     char *string = "NaN";
      |                    ^~~~~
configure:20605: $? = 0
configure:20605: ./conftest
configure:20605: $? = 0
configure:20616: result: yes
configure:20678: checking for ftruncate
configure:20678: c++ -o conftest -O0 -ffunction-sections -fdata-sections -fPIC -m64   conftest.cpp  >&5
configure:20678: $? = 0
configure:20678: result: yes
configure:20684: checking for memset
configure:20684: c++ -o conftest -O0 -ffunction-sections -fdata-sections -fPIC -m64   conftest.cpp  >&5
conftest.cpp:62:6: warning: declaration of 'char memset()' conflicts with built-in declaration 'void* memset(void*, int, long unsigned int)' [-Wbuiltin-declaration-mismatch]
   62 | char memset ();
      |      ^~~~~~
configure:20684: $? = 0
configure:20684: result: yes
configure:20690: checking for mkdir
configure:20690: c++ -o conftest -O0 -ffunction-sections -fdata-sections -fPIC -m64   conftest.cpp  >&5
configure:20690: $? = 0
configure:20690: result: yes
configure:20696: checking for strchr
configure:20696: c++ -o conftest -O0 -ffunction-sections -fdata-sections -fPIC -m64   conftest.cpp  >&5
conftest.cpp:64:6: warning: declaration of 'char strchr()' conflicts with built-in declaration 'char* strchr(const char*, int)' [-Wbuiltin-declaration-mismatch]
   64 | char strchr ();
      |      ^~~~~~
configure:20696: $? = 0
configure:20696: result: yes
configure:20702: checking for strerror
configure:20702: c++ -o conftest -O0 -ffunction-sections -fdata-sections -fPIC -m64   conftest.cpp  >&5
configure:20702: $? = 0
configure:20702: result: yes
configure:20708: checking for strtol
configure:20708: c++ -o conftest -O0 -ffunction-sections -fdata-sections -fPIC -m64   conftest.cpp  >&5
configure:20708: $? = 0
configure:20708: result: yes
configure:20721: checking zlib version
configure:20741: c++ -c -O0 -ffunction-sections -fdata-sections -fPIC -m64  conftest.cpp >&5
configure:20741: $? = 0
configure:20744: result: ok (1.2.0.4 or later)
configure:20748: checking for library containing zlibVersion
configure:20777: c++ -o conftest -O0 -ffunction-sections -fdata-sections -fPIC -m64   conftest.cpp  >&5
/usr/bin/ld: /tmp/ccklGaVZ.o: in function `main':
conftest.cpp:(.text.main+0x9): undefined reference to `zlibVersion'
collect2: error: ld returned 1 exit status
configure:20777: $? = 1
configure: failed program was:
| /* confdefs.h */
| #define PACKAGE_NAME "Protocol Buffers"
| #define PACKAGE_TARNAME "protobuf"
| #define PACKAGE_VERSION "3.21.5"
| #define PACKAGE_STRING "Protocol Buffers 3.21.5"
| #define PACKAGE_BUGREPORT "protobuf@googlegroups.com"
| #define PACKAGE_URL ""
| #define PACKAGE "protobuf"
| #define VERSION "3.21.5"
| #define HAVE_STDIO_H 1
| #define HAVE_STDLIB_H 1
| #define HAVE_STRING_H 1
| #define HAVE_INTTYPES_H 1
| #define HAVE_STDINT_H 1
| #define HAVE_STRINGS_H 1
| #define HAVE_SYS_STAT_H 1
| #define HAVE_SYS_TYPES_H 1
| #define HAVE_UNISTD_H 1
| #define HAVE_WCHAR_H 1
| #define STDC_HEADERS 1
| #define _ALL_SOURCE 1
| #define _DARWIN_C_SOURCE 1
| #define _GNU_SOURCE 1
| #define _HPUX_ALT_XOPEN_SOCKET_API 1
| #define _NETBSD_SOURCE 1
| #define _OPENBSD_SOURCE 1
| #define _POSIX_PTHREAD_SEMANTICS 1
| #define __STDC_WANT_IEC_60559_ATTRIBS_EXT__ 1
| #define __STDC_WANT_IEC_60559_BFP_EXT__ 1
| #define __STDC_WANT_IEC_60559_DFP_EXT__ 1
| #define __STDC_WANT_IEC_60559_FUNCS_EXT__ 1
| #define __STDC_WANT_IEC_60559_TYPES_EXT__ 1
| #define __STDC_WANT_LIB_EXT2__ 1
| #define __STDC_WANT_MATH_SPEC_FUNCS__ 1
| #define _TANDEM_SOURCE 1
| #define __EXTENSIONS__ 1
| #define HAVE_DLFCN_H 1
| #define LT_OBJDIR ".libs/"
| #define HAVE_FCNTL_H 1
| #define HAVE_INTTYPES_H 1
| #define HAVE_LIMITS_H 1
| #define HAVE_STDLIB_H 1
| #define HAVE_UNISTD_H 1
| #define HAVE_FTRUNCATE 1
| #define HAVE_MEMSET 1
| #define HAVE_MKDIR 1
| #define HAVE_STRCHR 1
| #define HAVE_STRERROR 1
| #define HAVE_STRTOL 1
| /* end confdefs.h.  */
| 
| namespace conftest {
|   extern "C" int zlibVersion ();
| }
| int
| main (void)
| {
| return conftest::zlibVersion ();
|   ;
|   return 0;
| }
configure:20777: c++ -o conftest -O0 -ffunction-sections -fdata-sections -fPIC -m64   conftest.cpp -lz   >&5
configure:20777: $? = 0
configure:20797: result: -lz
configure:20863: checking whether c++ supports C++11 features by default
configure:21177: c++ -c -O0 -ffunction-sections -fdata-sections -fPIC -m64  conftest.cpp >&5
configure:21177: $? = 0
configure:21185: result: yes
configure:21564: checking whether -latomic is needed
configure:21577: c++ -o conftest -O0 -ffunction-sections -fdata-sections -fPIC -m64   conftest.cpp -lz  >&5
configure:21577: $? = 0
configure:21585: result: no
configure:21784: checking whether cc is Clang
configure:21811: result: no
configure:21876: checking whether pthreads work with "-pthread" and "-lpthread"
configure:21987: cc -o conftest -O0 -ffunction-sections -fdata-sections -fPIC -m64 -pthread   conftest.c -lpthread -lz  >&5
configure:21987: $? = 0
configure:21997: result: yes
configure:22120: checking for joinable pthread attribute
configure:22139: cc -o conftest -O0 -ffunction-sections -fdata-sections -fPIC -m64 -pthread   conftest.c -lpthread -lz  >&5
configure:22139: $? = 0
configure:22148: result: PTHREAD_CREATE_JOINABLE
configure:22161: checking whether more special flags are required for pthreads
configure:22175: result: no
configure:22184: checking for PTHREAD_PRIO_INHERIT
configure:22202: cc -o conftest -O0 -ffunction-sections -fdata-sections -fPIC -m64 -pthread   conftest.c -lpthread -lz  >&5
configure:22202: $? = 0
configure:22212: result: yes
configure:22331: checking the location of hash_map
configure:22357: c++ -c -O0 -ffunction-sections -fdata-sections -fPIC -m64  conftest.cpp >&5
configure:22357: $? = 0
configure:22380: c++ -c -O0 -ffunction-sections -fdata-sections -fPIC -m64  conftest.cpp >&5
configure:22380: $? = 0
configure:22439: result: <unordered_map>
configure:22465: checking whether -llog is needed
configure:22473: result: no
configure:22597: checking that generated files are newer than configure
configure:22603: result: done
configure:22670: creating ./config.status

## ---------------------- ##
## Running config.status. ##
## ---------------------- ##

This file was extended by Protocol Buffers config.status 3.21.5, which was
generated by GNU Autoconf 2.71.  Invocation command line was

  CONFIG_FILES    = 
  CONFIG_HEADERS  = 
  CONFIG_LINKS    = 
  CONFIG_COMMANDS = 
  $ ./config.status 

on HeavyCoder

config.status:1241: creating Makefile
config.status:1241: creating src/Makefile
config.status:1241: creating benchmarks/Makefile
config.status:1241: creating conformance/Makefile
config.status:1241: creating protobuf.pc
config.status:1241: creating protobuf-lite.pc
config.status:1241: creating config.h
config.status:1455: executing depfiles commands
config.status:1532: cd src       && sed -e '/# am--include-marker/d' Makefile         | make -f - am--depfiles
config.status:1537: $? = 0
config.status:1532: cd benchmarks       && sed -e '/# am--include-marker/d' Makefile         | make -f - am--depfiles
config.status:1537: $? = 0
config.status:1532: cd conformance       && sed -e '/# am--include-marker/d' Makefile         | make -f - am--depfiles
config.status:1537: $? = 0
config.status:1455: executing libtool commands
configure:25156: === configuring in third_party/googletest (/home/pushkar/Mirage/community/target/debug/build/protobuf-src-523432554d6a8d85/out/install/build/third_party/googletest)
configure:25217: running /bin/bash /home/pushkar/.cargo/registry/src/index.crates.io-6f17d22bba15001f/protobuf-src-1.1.0+21.5/protobuf/third_party/googletest/configure --disable-option-checking '--prefix=/home/pushkar/Mirage/community/target/debug/build/protobuf-src-523432554d6a8d85/out/install'  '--disable-shared' '--enable-static' '--disable-maintainer-mode' 'CC=cc' 'CFLAGS=-O0 -ffunction-sections -fdata-sections -fPIC -m64' 'CXX=c++' 'CXXFLAGS=-O0 -ffunction-sections -fdata-sections -fPIC -m64' --cache-file=/dev/null --srcdir=/home/pushkar/.cargo/registry/src/index.crates.io-6f17d22bba15001f/protobuf-src-1.1.0+21.5/protobuf/third_party/googletest

## ---------------- ##
## Cache variables. ##
## ---------------- ##

ac_cv_build=x86_64-pc-linux-gnu
ac_cv_build_prog_CPP='gcc -E'
ac_cv_build_prog_CXXCPP='g++ -E'
ac_cv_build_prog_cc_g=yes
ac_cv_build_prog_cxx_g=yes
ac_cv_c_compiler_gnu=yes
ac_cv_cxx_compiler_gnu=yes
ac_cv_cxx_hash_map='<unordered_map>'
ac_cv_cxx_hash_map_class=unordered_map
ac_cv_cxx_hash_namespace=std
ac_cv_cxx_hash_set='<unordered_set>'
ac_cv_cxx_hash_set_class=unordered_set
ac_cv_cxx_undeclared_builtin_options='none needed'
ac_cv_env_CCC_set=
ac_cv_env_CCC_value=
ac_cv_env_CC_set=set
ac_cv_env_CC_value=cc
ac_cv_env_CFLAGS_set=set
ac_cv_env_CFLAGS_value='-O0 -ffunction-sections -fdata-sections -fPIC -m64'
ac_cv_env_CPPFLAGS_set=
ac_cv_env_CPPFLAGS_value=
ac_cv_env_CPP_set=
ac_cv_env_CPP_value=
ac_cv_env_CXXCPP_set=
ac_cv_env_CXXCPP_value=
ac_cv_env_CXXFLAGS_set=set
ac_cv_env_CXXFLAGS_value='-O0 -ffunction-sections -fdata-sections -fPIC -m64'
ac_cv_env_CXX_set=set
ac_cv_env_CXX_value=c++
ac_cv_env_DIST_LANG_set=
ac_cv_env_DIST_LANG_value=
ac_cv_env_LDFLAGS_set=
ac_cv_env_LDFLAGS_value=
ac_cv_env_LIBS_set=
ac_cv_env_LIBS_value=
ac_cv_env_LT_SYS_LIBRARY_PATH_set=
ac_cv_env_LT_SYS_LIBRARY_PATH_value=
ac_cv_env_OBJCFLAGS_set=
ac_cv_env_OBJCFLAGS_value=
ac_cv_env_OBJC_set=
ac_cv_env_OBJC_value=
ac_cv_env_build_alias_set=
ac_cv_env_build_alias_value=
ac_cv_env_host_alias_set=
ac_cv_env_host_alias_value=
ac_cv_env_target_alias_set=
ac_cv_env_target_alias_value=
ac_cv_func_ftruncate=yes
ac_cv_func_memcmp_working=yes
ac_cv_func_memset=yes
ac_cv_func_mkdir=yes
ac_cv_func_strchr=yes
ac_cv_func_strerror=yes
ac_cv_func_strtod=yes
ac_cv_func_strtol=yes
ac_cv_have_decl___SUNPRO_CC=no
ac_cv_header_dlfcn_h=yes
ac_cv_header_fcntl_h=yes
ac_cv_header_inttypes_h=yes
ac_cv_header_limits_h=yes
ac_cv_header_minix_config_h=no
ac_cv_header_stdint_h=yes
ac_cv_header_stdio_h=yes
ac_cv_header_stdlib_h=yes
ac_cv_header_string_h=yes
ac_cv_header_strings_h=yes
ac_cv_header_sys_stat_h=yes
ac_cv_header_sys_types_h=yes
ac_cv_header_unistd_h=yes
ac_cv_header_wchar_h=yes
ac_cv_host=x86_64-pc-linux-gnu
ac_cv_objext=o
ac_cv_path_EGREP='/usr/bin/grep -E'
ac_cv_path_FGREP='/usr/bin/grep -F'
ac_cv_path_GREP=/usr/bin/grep
ac_cv_path_SED=/usr/bin/sed
ac_cv_path_install='/usr/bin/install -c'
ac_cv_path_lt_DD=/usr/bin/dd
ac_cv_path_mkdir=/usr/bin/mkdir
ac_cv_prog_AWK=gawk
ac_cv_prog_CPP='cc -E'
ac_cv_prog_CXXCPP='c++ -E'
ac_cv_prog_ac_ct_AR=ar
ac_cv_prog_ac_ct_CC=cc
ac_cv_prog_ac_ct_CC_FOR_BUILD=gcc
ac_cv_prog_ac_ct_CXX_FOR_BUILD=g++
ac_cv_prog_ac_ct_FILECMD=file
ac_cv_prog_ac_ct_MANIFEST_TOOL=mt
ac_cv_prog_ac_ct_OBJDUMP=objdump
ac_cv_prog_ac_ct_RANLIB=ranlib
ac_cv_prog_ac_ct_STRIP=strip
ac_cv_prog_cc_c11=
ac_cv_prog_cc_g=yes
ac_cv_prog_cc_stdc=
ac_cv_prog_cxx_11=no
ac_cv_prog_cxx_cxx11=
ac_cv_prog_cxx_g=yes
ac_cv_prog_cxx_stdcxx=
ac_cv_prog_make_make_set=yes
ac_cv_safe_to_define___extensions__=yes
ac_cv_search_zlibVersion=-lz
ac_cv_should_define__xopen_source=no
ac_cv_target=x86_64-pc-linux-gnu
am_cv_CC_dependencies_compiler_type=gcc3
am_cv_CXX_dependencies_compiler_type=gcc3
am_cv_ar_interface=ar
am_cv_make_support_nested_variables=yes
am_cv_prog_cc_c_o=yes
am_cv_prog_tar_ustar=gnutar
ax_cv_PTHREAD_CLANG=no
ax_cv_PTHREAD_JOINABLE_ATTR=PTHREAD_CREATE_JOINABLE
ax_cv_PTHREAD_PRIO_INHERIT=yes
ax_cv_PTHREAD_SPECIAL_FLAGS=no
ax_cv_cxx_compile_cxx11=yes
lt_cv_ar_at_file=@
lt_cv_deplibs_check_method=pass_all
lt_cv_file_magic_cmd='$MAGIC_CMD'
lt_cv_file_magic_test_file=
lt_cv_ld_reload_flag=-r
lt_cv_nm_interface='BSD nm'
lt_cv_objdir=.libs
lt_cv_path_LD=/usr/bin/ld
lt_cv_path_LDCXX='/usr/bin/ld -m elf_x86_64'
lt_cv_path_NM='/usr/bin/nm -B'
lt_cv_path_mainfest_tool=no
lt_cv_prog_compiler_c_o=yes
lt_cv_prog_compiler_c_o_CXX=yes
lt_cv_prog_compiler_pic='-fPIC -DPIC'
lt_cv_prog_compiler_pic_CXX='-fPIC -DPIC'
lt_cv_prog_compiler_pic_works=yes
lt_cv_prog_compiler_pic_works_CXX=yes
lt_cv_prog_compiler_rtti_exceptions=no
lt_cv_prog_compiler_static_works=yes
lt_cv_prog_compiler_static_works_CXX=yes
lt_cv_prog_gnu_ld=yes
lt_cv_prog_gnu_ldcxx=yes
lt_cv_sharedlib_from_linklib_cmd='printf %s\n'
lt_cv_shlibpath_overrides_runpath=yes
lt_cv_sys_global_symbol_pipe='/usr/bin/sed -n -e '\''s/^.*[	 ]\([ABCDGIRSTW][ABCDGIRSTW]*\)[	 ][	 ]*\([_A-Za-z][_A-Za-z0-9]*\)$/\1 \2 \2/p'\'' | /usr/bin/sed '\''/ __gnu_lto/d'\'''
lt_cv_sys_global_symbol_to_c_name_address='/usr/bin/sed -n -e '\''s/^: \(.*\) .*$/  {"\1", (void *) 0},/p'\'' -e '\''s/^[ABCDGIRSTW][ABCDGIRSTW]* .* \(.*\)$/  {"\1", (void *) \&\1},/p'\'''
lt_cv_sys_global_symbol_to_c_name_address_lib_prefix='/usr/bin/sed -n -e '\''s/^: \(.*\) .*$/  {"\1", (void *) 0},/p'\'' -e '\''s/^[ABCDGIRSTW][ABCDGIRSTW]* .* \(lib.*\)$/  {"\1", (void *) \&\1},/p'\'' -e '\''s/^[ABCDGIRSTW][ABCDGIRSTW]* .* \(.*\)$/  {"lib\1", (void *) \&\1},/p'\'''
lt_cv_sys_global_symbol_to_cdecl='/usr/bin/sed -n -e '\''s/^T .* \(.*\)$/extern int \1();/p'\'' -e '\''s/^[ABCDGIRSTW][ABCDGIRSTW]* .* \(.*\)$/extern char \1;/p'\'''
lt_cv_sys_global_symbol_to_import=
lt_cv_sys_max_cmd_len=1572864
lt_cv_to_host_file_cmd=func_convert_file_noop
lt_cv_to_tool_file_cmd=func_convert_file_noop
lt_cv_truncate_bin='/usr/bin/dd bs=4096 count=1'

## ----------------- ##
## Output variables. ##
## ----------------- ##

ACLOCAL='${SHELL} '\''/home/pushkar/.cargo/registry/src/index.crates.io-6f17d22bba15001f/protobuf-src-1.1.0+21.5/protobuf/missing'\'' aclocal-1.16'
AMDEPBACKSLASH='\'
AMDEP_FALSE='#'
AMDEP_TRUE=''
AMTAR='$${TAR-tar}'
AM_BACKSLASH='\'
AM_DEFAULT_V='$(AM_DEFAULT_VERBOSITY)'
AM_DEFAULT_VERBOSITY='0'
AM_V='$(V)'
AR='ar'
AUTOCONF='${SHELL} '\''/home/pushkar/.cargo/registry/src/index.crates.io-6f17d22bba15001f/protobuf-src-1.1.0+21.5/protobuf/missing'\'' autoconf'
AUTOHEADER='${SHELL} '\''/home/pushkar/.cargo/registry/src/index.crates.io-6f17d22bba15001f/protobuf-src-1.1.0+21.5/protobuf/missing'\'' autoheader'
AUTOMAKE='${SHELL} '\''/home/pushkar/.cargo/registry/src/index.crates.io-6f17d22bba15001f/protobuf-src-1.1.0+21.5/protobuf/missing'\'' automake-1.16'
AWK='gawk'
BUILD_EXEEXT=''
BUILD_OBJEXT=''
CC='cc'
CCDEPMODE='depmode=gcc3'
CC_FOR_BUILD='gcc'
CFLAGS='-O0 -ffunction-sections -fdata-sections -fPIC -m64'
CFLAGS_FOR_BUILD='-g -O2'
CPP='cc -E'
CPPFLAGS=''
CPPFLAGS_FOR_BUILD=''
CPP_FOR_BUILD='gcc -E'
CSCOPE='cscope'
CTAGS='ctags'
CXX='c++'
CXXCPP='c++ -E'
CXXCPPFLAGS_FOR_BUILD=''
CXXCPP_FOR_BUILD='g++ -E'
CXXDEPMODE='depmode=gcc3'
CXXFLAGS='-O0 -ffunction-sections -fdata-sections -fPIC -m64'
CXXFLAGS_FOR_BUILD='-g -O2'
CXX_FOR_BUILD='g++'
CYGPATH_W='echo'
DEFS='-DHAVE_CONFIG_H'
DEPDIR='.deps'
DIST_LANG='all'
DLLTOOL='false'
DSYMUTIL=''
DUMPBIN=''
ECHO_C=''
ECHO_N='-n'
ECHO_T=''
EGREP='/usr/bin/grep -E'
ETAGS='etags'
EXEEXT=''
FGREP='/usr/bin/grep -F'
FILECMD='file'
GCC_FALSE='#'
GCC_TRUE=''
GREP='/usr/bin/grep'
HAVE_CXX11='1'
HAVE_LD_VERSION_SCRIPT_FALSE='#'
HAVE_LD_VERSION_SCRIPT_TRUE=''
HAVE_PTHREAD_FALSE='#'
HAVE_PTHREAD_TRUE=''
HAVE_ZLIB_FALSE='#'
HAVE_ZLIB_TRUE=''
INSTALL_DATA='${INSTALL} -m 644'
INSTALL_PROGRAM='${INSTALL}'
INSTALL_SCRIPT='${INSTALL}'
INSTALL_STRIP_PROGRAM='$(install_sh) -c -s'
ISAINFO=''
LD='/usr/bin/ld -m elf_x86_64'
LDFLAGS=''
LDFLAGS_FOR_BUILD=''
LIBATOMIC_LIBS=''
LIBLOG_LIBS=''
LIBOBJS=''
LIBS='-lz '
LIBTOOL='$(SHELL) $(top_builddir)/libtool'
LIPO=''
LN_S='ln -s'
LTLIBOBJS=''
LT_SYS_LIBRARY_PATH=''
MAINT='#'
MAINTAINER_MODE_FALSE=''
MAINTAINER_MODE_TRUE='#'
MAKEINFO='${SHELL} '\''/home/pushkar/.cargo/registry/src/index.crates.io-6f17d22bba15001f/protobuf-src-1.1.0+21.5/protobuf/missing'\'' makeinfo'
MANIFEST_TOOL=':'
MKDIR_P='/usr/bin/mkdir -p'
NM='/usr/bin/nm -B'
NMEDIT=''
OBJC=''
OBJCDEPMODE=''
OBJCFLAGS=''
OBJC_CONFORMANCE_TEST_FALSE=''
OBJC_CONFORMANCE_TEST_TRUE='#'
OBJDUMP='objdump'
OBJEXT='o'
OTOOL64=''
OTOOL=''
PACKAGE='protobuf'
PACKAGE_BUGREPORT='protobuf@googlegroups.com'
PACKAGE_NAME='Protocol Buffers'
PACKAGE_STRING='Protocol Buffers 3.21.5'
PACKAGE_TARNAME='protobuf'
PACKAGE_URL=''
PACKAGE_VERSION='3.21.5'
PATH_SEPARATOR=':'
POW_LIB=''
PROTOBUF_OPT_FLAG=''
PROTOC=''
PTHREAD_CC='cc'
PTHREAD_CFLAGS='-pthread'
PTHREAD_LIBS='-lpthread'
RANLIB='ranlib'
SED='/usr/bin/sed'
SET_MAKE=''
SHELL='/bin/bash'
STRIP='strip'
USE_EXTERNAL_PROTOC_FALSE=''
USE_EXTERNAL_PROTOC_TRUE='#'
VERSION='3.21.5'
ac_ct_AR='ar'
ac_ct_CC='cc'
ac_ct_CC_FOR_BUILD='gcc'
ac_ct_CXX=''
ac_ct_CXX_FOR_BUILD='g++'
ac_ct_DUMPBIN=''
ac_ct_OBJC=''
am__EXEEXT_FALSE=''
am__EXEEXT_TRUE='#'
am__fastdepCC_FALSE='#'
am__fastdepCC_TRUE=''
am__fastdepCXX_FALSE='#'
am__fastdepCXX_TRUE=''
am__fastdepOBJC_FALSE=''
am__fastdepOBJC_TRUE='#'
am__include='include'
am__isrc=' -I$(srcdir)'
am__leading_dot='.'
am__nodep='_no'
am__quote=''
am__tar='tar --format=ustar -chf - "$$tardir"'
am__untar='tar -xf -'
ax_pthread_config=''
bindir='${exec_prefix}/bin'
build='x86_64-pc-linux-gnu'
build_alias=''
build_cpu='x86_64'
build_os='linux-gnu'
build_vendor='pc'
datadir='${datarootdir}'
datarootdir='${prefix}/share'
docdir='${datarootdir}/doc/${PACKAGE_TARNAME}'
dvidir='${docdir}'
exec_prefix='${prefix}'
host='x86_64-pc-linux-gnu'
host_alias=''
host_cpu='x86_64'
host_os='linux-gnu'
host_vendor='pc'
htmldir='${docdir}'
includedir='${prefix}/include'
infodir='${datarootdir}/info'
install_sh='${SHELL} /home/pushkar/.cargo/registry/src/index.crates.io-6f17d22bba15001f/protobuf-src-1.1.0+21.5/protobuf/install-sh'
libdir='${exec_prefix}/lib'
libexecdir='${exec_prefix}/libexec'
localedir='${datarootdir}/locale'
localstatedir='${prefix}/var'
mandir='${datarootdir}/man'
mkdir_p='$(MKDIR_P)'
oldincludedir='/usr/include'
pdfdir='${docdir}'
prefix='/home/pushkar/Mirage/community/target/debug/build/protobuf-src-523432554d6a8d85/out/install'
program_transform_name='s,x,x,'
psdir='${docdir}'
runstatedir='${localstatedir}/run'
sbindir='${exec_prefix}/sbin'
sharedstatedir='${prefix}/com'
subdirs=' third_party/googletest'
sysconfdir='${prefix}/etc'
target='x86_64-pc-linux-gnu'
target_alias=''
target_cpu='x86_64'
target_os='linux-gnu'
target_vendor='pc'

## ----------- ##
## confdefs.h. ##
## ----------- ##

/* confdefs.h */
#define PACKAGE_NAME "Protocol Buffers"
#define PACKAGE_TARNAME "protobuf"
#define PACKAGE_VERSION "3.21.5"
#define PACKAGE_STRING "Protocol Buffers 3.21.5"
#define PACKAGE_BUGREPORT "protobuf@googlegroups.com"
#define PACKAGE_URL ""
#define PACKAGE "protobuf"
#define VERSION "3.21.5"
#define HAVE_STDIO_H 1
#define HAVE_STDLIB_H 1
#define HAVE_STRING_H 1
#define HAVE_INTTYPES_H 1
#define HAVE_STDINT_H 1
#define HAVE_STRINGS_H 1
#define HAVE_SYS_STAT_H 1
#define HAVE_SYS_TYPES_H 1
#define HAVE_UNISTD_H 1
#define HAVE_WCHAR_H 1
#define STDC_HEADERS 1
#define _ALL_SOURCE 1
#define _DARWIN_C_SOURCE 1
#define _GNU_SOURCE 1
#define _HPUX_ALT_XOPEN_SOCKET_API 1
#define _NETBSD_SOURCE 1
#define _OPENBSD_SOURCE 1
#define _POSIX_PTHREAD_SEMANTICS 1
#define __STDC_WANT_IEC_60559_ATTRIBS_EXT__ 1
#define __STDC_WANT_IEC_60559_BFP_EXT__ 1
#define __STDC_WANT_IEC_60559_DFP_EXT__ 1
#define __STDC_WANT_IEC_60559_FUNCS_EXT__ 1
#define __STDC_WANT_IEC_60559_TYPES_EXT__ 1
#define __STDC_WANT_LIB_EXT2__ 1
#define __STDC_WANT_MATH_SPEC_FUNCS__ 1
#define _TANDEM_SOURCE 1
#define __EXTENSIONS__ 1
#define HAVE_DLFCN_H 1
#define LT_OBJDIR ".libs/"
#define HAVE_FCNTL_H 1
#define HAVE_INTTYPES_H 1
#define HAVE_LIMITS_H 1
#define HAVE_STDLIB_H 1
#define HAVE_UNISTD_H 1
#define HAVE_FTRUNCATE 1
#define HAVE_MEMSET 1
#define HAVE_MKDIR 1
#define HAVE_STRCHR 1
#define HAVE_STRERROR 1
#define HAVE_STRTOL 1
#define HAVE_ZLIB 1
#define HAVE_CXX11 1
#define HAVE_PTHREAD_PRIO_INHERIT 1
#define HAVE_PTHREAD 1
#define HAVE_HASH_MAP 1
#define HAVE_HASH_SET 1
#define HASH_MAP_H <unordered_map>
#define HASH_SET_H <unordered_set>
#define HASH_NAMESPACE std
#define HASH_MAP_CLASS unordered_map
#define HASH_SET_CLASS unordered_set

configure: exit 0
