This file contains any messages produced by compilers while
running configure, to aid debugging if configure makes a mistake.

It was created by Google C++ Testing Framework configure 1.8.0, which was
generated by GNU Autoconf 2.71.  Invocation command line was

  $ /home/pushkar/.cargo/registry/src/index.crates.io-6f17d22bba15001f/protobuf-src-1.1.0+21.5/protobuf/third_party/googletest/googletest/configure --disable-option-checking --prefix=/home/pushkar/Mirage/community/target/debug/build/protobuf-src-523432554d6a8d85/out/install --disable-shared --enable-static --disable-maintainer-mode CC=cc 'CFLAGS=-O0 -ffunction-sections -fdata-sections -fPIC -m64' CXX=c++ 'CXXFLAGS=-O0 -ffunction-sections -fdata-sections -fPIC -m64' --cache-file=/dev/null --srcdir=/home/pushkar/.cargo/registry/src/index.crates.io-6f17d22bba15001f/protobuf-src-1.1.0+21.5/protobuf/third_party/googletest/googletest

## --------- ##
## Platform. ##
## --------- ##

hostname = HeavyCoder
uname -m = x86_64
uname -r = 5.15.133.1-microsoft-standard-WSL2
uname -s = Linux
uname -v = #1 SMP Thu Oct 5 21:02:42 UTC 2023

/usr/bin/uname -p = x86_64
/bin/uname -X     = unknown

/bin/arch              = x86_64
/usr/bin/arch -k       = unknown
/usr/convex/getsysinfo = unknown
/usr/bin/hostinfo      = unknown
/bin/machine           = unknown
/usr/bin/oslevel       = unknown
/bin/universe          = unknown

PATH: /home/pushkar/go/bin/
PATH: /usr/local/go/bin/
PATH: /home/pushkar/.vscode-server/bin/903b1e9d8990623e3d7da1df3d33db3e42d80eda/bin/remote-cli/
PATH: /home/pushkar/.local/bin/
PATH: /home/pushkar/.cargo/bin/
PATH: /home/pushkar/go/bin/
PATH: /usr/local/go/bin/
PATH: /home/pushkar/.nvm/versions/node/v18.19.0/bin/
PATH: /usr/local/sbin/
PATH: /usr/local/bin/
PATH: /usr/sbin/
PATH: /usr/bin/
PATH: /sbin/
PATH: /bin/
PATH: /usr/games/
PATH: /usr/local/games/
PATH: /usr/lib/wsl/lib/
PATH: /mnt/c/Python312/Scripts/
PATH: /mnt/c/Python312/
PATH: /mnt/c/WINDOWS/system32/
PATH: /mnt/c/WINDOWS/
PATH: /mnt/c/WINDOWS/System32/Wbem/
PATH: /mnt/c/WINDOWS/System32/WindowsPowerShell/v1.0/
PATH: /mnt/c/WINDOWS/System32/OpenSSH/
PATH: /mnt/c/Program Files/nodejs/
PATH: /mnt/c/ProgramData/chocolatey/bin/
PATH: /mnt/c/Program Files/NVIDIA Corporation/NVIDIA NvDLISR/
PATH: /mnt/c/Program Files (x86)/NVIDIA Corporation/PhysX/Common/
PATH: /mnt/c/Program Files/Git/cmd/
PATH: /Docker/host/bin/
PATH: /mnt/c/Program Files/Go/bin/
PATH: /mnt/c/Program Files/Microsoft VS Code/bin/
PATH: /mnt/c/Program Files/Cloudflare/Cloudflare WARP/
PATH: /mnt/c/Program Files/GitHub CLI/
PATH: /mnt/c/Users/pushk/.cargo/bin/
PATH: /mnt/c/Users/pushk/AppData/Local/Microsoft/WindowsApps/
PATH: /mnt/c/Users/pushk/AppData/Roaming/npm/
PATH: /mnt/c/Users/pushk/go/bin/
PATH: /mnt/c/Users/pushk/go/bin/
PATH: /snap/bin/
PATH: /usr/local/go/bin/


## ----------- ##
## Core tests. ##
## ----------- ##

configure:2720: looking for aux files: config.guess config.sub ltmain.sh compile missing install-sh
configure:2733:  trying /home/pushkar/.cargo/registry/src/index.crates.io-6f17d22bba15001f/protobuf-src-1.1.0+21.5/protobuf/third_party/googletest/googletest/build-aux/
configure:2762:   /home/pushkar/.cargo/registry/src/index.crates.io-6f17d22bba15001f/protobuf-src-1.1.0+21.5/protobuf/third_party/googletest/googletest/build-aux/config.guess found
configure:2762:   /home/pushkar/.cargo/registry/src/index.crates.io-6f17d22bba15001f/protobuf-src-1.1.0+21.5/protobuf/third_party/googletest/googletest/build-aux/config.sub found
configure:2762:   /home/pushkar/.cargo/registry/src/index.crates.io-6f17d22bba15001f/protobuf-src-1.1.0+21.5/protobuf/third_party/googletest/googletest/build-aux/ltmain.sh found
configure:2762:   /home/pushkar/.cargo/registry/src/index.crates.io-6f17d22bba15001f/protobuf-src-1.1.0+21.5/protobuf/third_party/googletest/googletest/build-aux/compile found
configure:2762:   /home/pushkar/.cargo/registry/src/index.crates.io-6f17d22bba15001f/protobuf-src-1.1.0+21.5/protobuf/third_party/googletest/googletest/build-aux/missing found
configure:2744:   /home/pushkar/.cargo/registry/src/index.crates.io-6f17d22bba15001f/protobuf-src-1.1.0+21.5/protobuf/third_party/googletest/googletest/build-aux/install-sh found
configure:2907: checking for a BSD-compatible install
configure:2980: result: /usr/bin/install -c
configure:2991: checking whether build environment is sane
configure:3046: result: yes
configure:3205: checking for a race-free mkdir -p
configure:3249: result: /usr/bin/mkdir -p
configure:3256: checking for gawk
configure:3277: found /usr/bin/gawk
configure:3288: result: gawk
configure:3299: checking whether make sets $(MAKE)
configure:3322: result: yes
configure:3352: checking whether make supports nested variables
configure:3370: result: yes
configure:3570: checking for gcc
configure:3602: result: cc
configure:3955: checking for C compiler version
configure:3964: cc --version >&5
cc (Ubuntu 11.4.0-1ubuntu1~22.04) 11.4.0
Copyright (C) 2021 Free Software Foundation, Inc.
This is free software; see the source for copying conditions.  There is NO
warranty; not even for MERCHANTABILITY or FITNESS FOR A PARTICULAR PURPOSE.

configure:3975: $? = 0
configure:3964: cc -v >&5
Using built-in specs.
COLLECT_GCC=cc
COLLECT_LTO_WRAPPER=/usr/lib/gcc/x86_64-linux-gnu/11/lto-wrapper
OFFLOAD_TARGET_NAMES=nvptx-none:amdgcn-amdhsa
OFFLOAD_TARGET_DEFAULT=1
Target: x86_64-linux-gnu
Configured with: ../src/configure -v --with-pkgversion='Ubuntu 11.4.0-1ubuntu1~22.04' --with-bugurl=file:///usr/share/doc/gcc-11/README.Bugs --enable-languages=c,ada,c++,go,brig,d,fortran,objc,obj-c++,m2 --prefix=/usr --with-gcc-major-version-only --program-suffix=-11 --program-prefix=x86_64-linux-gnu- --enable-shared --enable-linker-build-id --libexecdir=/usr/lib --without-included-gettext --enable-threads=posix --libdir=/usr/lib --enable-nls --enable-bootstrap --enable-clocale=gnu --enable-libstdcxx-debug --enable-libstdcxx-time=yes --with-default-libstdcxx-abi=new --enable-gnu-unique-object --disable-vtable-verify --enable-plugin --enable-default-pie --with-system-zlib --enable-libphobos-checking=release --with-target-system-zlib=auto --enable-objc-gc=auto --enable-multiarch --disable-werror --enable-cet --with-arch-32=i686 --with-abi=m64 --with-multilib-list=m32,m64,mx32 --enable-multilib --with-tune=generic --enable-offload-targets=nvptx-none=/build/gcc-11-XeT9lY/gcc-11-11.4.0/debian/tmp-nvptx/usr,amdgcn-amdhsa=/build/gcc-11-XeT9lY/gcc-11-11.4.0/debian/tmp-gcn/usr --without-cuda-driver --enable-checking=release --build=x86_64-linux-gnu --host=x86_64-linux-gnu --target=x86_64-linux-gnu --with-build-config=bootstrap-lto-lean --enable-link-serialization=2
Thread model: posix
Supported LTO compression algorithms: zlib zstd
gcc version 11.4.0 (Ubuntu 11.4.0-1ubuntu1~22.04) 
... rest of stderr output deleted ...
configure:3975: $? = 0
configure:3964: cc -V >&5
cc: error: unrecognized command-line option '-V'
cc: fatal error: no input files
compilation terminated.
configure:3975: $? = 1
configure:3964: cc -qversion >&5
cc: error: unrecognized command-line option '-qversion'; did you mean '--version'?
cc: fatal error: no input files
compilation terminated.
configure:3975: $? = 1
configure:3964: cc -version >&5
cc: error: unrecognized command-line option '-version'
cc: fatal error: no input files
compilation terminated.
configure:3975: $? = 1
configure:3995: checking whether the C compiler works
configure:4017: cc -O0 -ffunction-sections -fdata-sections -fPIC -m64   conftest.c  >&5
configure:4021: $? = 0
configure:4071: result: yes
configure:4074: checking for C compiler default output file name
configure:4076: result: a.out
configure:4082: checking for suffix of executables
configure:4089: cc -o conftest -O0 -ffunction-sections -fdata-sections -fPIC -m64   conftest.c  >&5
configure:4093: $? = 0
configure:4116: result: 
configure:4138: checking whether we are cross compiling
configure:4146: cc -o conftest -O0 -ffunction-sections -fdata-sections -fPIC -m64   conftest.c  >&5
configure:4150: $? = 0
configure:4157: ./conftest
configure:4161: $? = 0
configure:4176: result: no
configure:4181: checking for suffix of object files
configure:4204: cc -c -O0 -ffunction-sections -fdata-sections -fPIC -m64  conftest.c >&5
configure:4208: $? = 0
configure:4230: result: o
configure:4234: checking whether the compiler supports GNU C
configure:4254: cc -c -O0 -ffunction-sections -fdata-sections -fPIC -m64  conftest.c >&5
configure:4254: $? = 0
configure:4264: result: yes
configure:4275: checking whether cc accepts -g
configure:4296: cc -c -g  conftest.c >&5
configure:4296: $? = 0
configure:4340: result: yes
configure:4360: checking for cc option to enable C11 features
configure:4375: cc  -c -O0 -ffunction-sections -fdata-sections -fPIC -m64  conftest.c >&5
configure:4375: $? = 0
configure:4393: result: none needed
configure:4509: checking whether cc understands -c and -o together
configure:4532: cc -c conftest.c -o conftest2.o
configure:4535: $? = 0
configure:4532: cc -c conftest.c -o conftest2.o
configure:4535: $? = 0
configure:4547: result: yes
configure:4567: checking whether make supports the include directive
configure:4582: make -f confmf.GNU && cat confinc.out
this is the am__doit target
configure:4585: $? = 0
configure:4604: result: yes (GNU style)
configure:4630: checking dependency style of cc
configure:4742: result: gcc3
configure:4885: checking for C++ compiler version
configure:4894: c++ --version >&5
c++ (Ubuntu 11.4.0-1ubuntu1~22.04) 11.4.0
Copyright (C) 2021 Free Software Foundation, Inc.
This is free software; see the source for copying conditions.  There is NO
warranty; not even for MERCHANTABILITY or FITNESS FOR A PARTICULAR PURPOSE.

configure:4905: $? = 0
configure:4894: c++ -v >&5
Using built-in specs.
COLLECT_GCC=c++
COLLECT_LTO_WRAPPER=/usr/lib/gcc/x86_64-linux-gnu/11/lto-wrapper
OFFLOAD_TARGET_NAMES=nvptx-none:amdgcn-amdhsa
OFFLOAD_TARGET_DEFAULT=1
Target: x86_64-linux-gnu
Configured with: ../src/configure -v --with-pkgversion='Ubuntu 11.4.0-1ubuntu1~22.04' --with-bugurl=file:///usr/share/doc/gcc-11/README.Bugs --enable-languages=c,ada,c++,go,brig,d,fortran,objc,obj-c++,m2 --prefix=/usr --with-gcc-major-version-only --program-suffix=-11 --program-prefix=x86_64-linux-gnu- --enable-shared --enable-linker-build-id --libexecdir=/usr/lib --without-included-gettext --enable-threads=posix --libdir=/usr/lib --enable-nls --enable-bootstrap --enable-clocale=gnu --enable-libstdcxx-debug --enable-libstdcxx-time=yes --with-default-libstdcxx-abi=new --enable-gnu-unique-object --disable-vtable-verify --enable-plugin --enable-default-pie --with-system-zlib --enable-libphobos-checking=release --with-target-system-zlib=auto --enable-objc-gc=auto --enable-multiarch --disable-werror --enable-cet --with-arch-32=i686 --with-abi=m64 --with-multilib-list=m32,m64,mx32 --enable-multilib --with-tune=generic --enable-offload-targets=nvptx-none=/build/gcc-11-XeT9lY/gcc-11-11.4.0/debian/tmp-nvptx/usr,amdgcn-amdhsa=/build/gcc-11-XeT9lY/gcc-11-11.4.0/debian/tmp-gcn/usr --without-cuda-driver --enable-checking=release --build=x86_64-linux-gnu --host=x86_64-linux-gnu --target=x86_64-linux-gnu --with-build-config=bootstrap-lto-lean --enable-link-serialization=2
Thread model: posix
Supported LTO compression algorithms: zlib zstd
gcc version 11.4.0 (Ubuntu 11.4.0-1ubuntu1~22.04) 
... rest of stderr output deleted ...
configure:4905: $? = 0
configure:4894: c++ -V >&5
c++: error: unrecognized command-line option '-V'
c++: fatal error: no input files
compilation terminated.
configure:4905: $? = 1
configure:4894: c++ -qversion >&5
c++: error: unrecognized command-line option '-qversion'; did you mean '--version'?
c++: fatal error: no input files
compilation terminated.
configure:4905: $? = 1
configure:4909: checking whether the compiler supports GNU C++
configure:4929: c++ -c -O0 -ffunction-sections -fdata-sections -fPIC -m64  conftest.cpp >&5
configure:4929: $? = 0
configure:4939: result: yes
configure:4950: checking whether c++ accepts -g
configure:4971: c++ -c -g  conftest.cpp >&5
configure:4971: $? = 0
configure:5015: result: yes
configure:5035: checking for c++ option to enable C++11 features
configure:5050: c++  -c -O0 -ffunction-sections -fdata-sections -fPIC -m64  conftest.cpp >&5
conftest.cpp: In function 'int main(int, char**)':
conftest.cpp:177:25: warning: empty parentheses were disambiguated as a function declaration [-Wvexing-parse]
  177 |   cxx11test::delegate d2();
      |                         ^~
conftest.cpp:177:25: note: remove parentheses to default-initialize a variable
  177 |   cxx11test::delegate d2();
      |                         ^~
      |                         --
conftest.cpp:177:25: note: or replace parentheses with braces to value-initialize a variable
configure:5050: $? = 0
configure:5068: result: none needed
configure:5134: checking dependency style of c++
configure:5246: result: gcc3
configure:5299: checking build system type
configure:5314: result: x86_64-pc-linux-gnu
configure:5334: checking host system type
configure:5348: result: x86_64-pc-linux-gnu
configure:5389: checking how to print strings
configure:5416: result: printf
configure:5437: checking for a sed that does not truncate output
configure:5507: result: /usr/bin/sed
configure:5525: checking for grep that handles long lines and -e
configure:5589: result: /usr/bin/grep
configure:5594: checking for egrep
configure:5662: result: /usr/bin/grep -E
configure:5667: checking for fgrep
configure:5735: result: /usr/bin/grep -F
configure:5771: checking for ld used by cc
configure:5839: result: /usr/bin/ld
configure:5846: checking if the linker (/usr/bin/ld) is GNU ld
configure:5862: result: yes
configure:5874: checking for BSD- or MS-compatible name lister (nm)
configure:5929: result: /usr/bin/nm -B
configure:6069: checking the name lister (/usr/bin/nm -B) interface
configure:6077: c++ -c -O0 -ffunction-sections -fdata-sections -fPIC -m64  conftest.cpp >&5
configure:6080: /usr/bin/nm -B "conftest.o"
configure:6083: output
0000000000000000 B some_variable
configure:6090: result: BSD nm
configure:6093: checking whether ln -s works
configure:6097: result: yes
configure:6105: checking the maximum length of command line arguments
configure:6237: result: 1572864
configure:6285: checking how to convert x86_64-pc-linux-gnu file names to x86_64-pc-linux-gnu format
configure:6326: result: func_convert_file_noop
configure:6333: checking how to convert x86_64-pc-linux-gnu file names to toolchain format
configure:6354: result: func_convert_file_noop
configure:6361: checking for /usr/bin/ld option to reload object files
configure:6369: result: -r
configure:6448: checking for file
configure:6469: found /usr/bin/file
configure:6480: result: file
configure:6556: checking for objdump
configure:6577: found /usr/bin/objdump
configure:6588: result: objdump
configure:6620: checking how to recognize dependent libraries
configure:6821: result: pass_all
configure:6911: checking for dlltool
configure:6946: result: no
configure:6976: checking how to associate runtime and link libraries
configure:7004: result: printf %s\n
configure:7070: checking for ar
configure:7091: found /usr/bin/ar
configure:7102: result: ar
configure:7155: checking for archiver @FILE support
configure:7173: c++ -c -O0 -ffunction-sections -fdata-sections -fPIC -m64  conftest.cpp >&5
configure:7173: $? = 0
configure:7177: ar cr libconftest.a @conftest.lst >&5
configure:7180: $? = 0
configure:7185: ar cr libconftest.a @conftest.lst >&5
ar: conftest.o: No such file or directory
configure:7188: $? = 1
configure:7200: result: @
configure:7263: checking for strip
configure:7284: found /usr/bin/strip
configure:7295: result: strip
configure:7372: checking for ranlib
configure:7393: found /usr/bin/ranlib
configure:7404: result: ranlib
configure:7506: checking command to parse /usr/bin/nm -B output from cc object
configure:7660: c++ -c -O0 -ffunction-sections -fdata-sections -fPIC -m64  conftest.cpp >&5
configure:7663: $? = 0
configure:7667: /usr/bin/nm -B conftest.o \| /usr/bin/sed -n -e 's/^.*[ ]\([ABCDGIRSTW][ABCDGIRSTW]*\)[ ][ ]*\([_A-Za-z][_A-Za-z0-9]*\)$/\1 \2 \2/p' | /usr/bin/sed '/ __gnu_lto/d' \> conftest.nm
configure:7670: $? = 0
configure:7736: c++ -o conftest -O0 -ffunction-sections -fdata-sections -fPIC -m64   conftest.cpp conftstm.o >&5
configure:7739: $? = 0
configure:7777: result: ok
configure:7824: checking for sysroot
configure:7855: result: no
configure:7862: checking for a working dd
configure:7906: result: /usr/bin/dd
configure:7910: checking how to truncate binary pipes
configure:7926: result: /usr/bin/dd bs=4096 count=1
configure:8064: c++ -c -O0 -ffunction-sections -fdata-sections -fPIC -m64  conftest.cpp >&5
configure:8067: $? = 0
configure:8264: checking for mt
configure:8285: found /usr/bin/mt
configure:8296: result: mt
configure:8319: checking if mt is a manifest tool
configure:8326: mt '-?'
configure:8334: result: no
configure:9059: checking for stdio.h
configure:9059: c++ -c -O0 -ffunction-sections -fdata-sections -fPIC -m64  conftest.cpp >&5
configure:9059: $? = 0
configure:9059: result: yes
configure:9059: checking for stdlib.h
configure:9059: c++ -c -O0 -ffunction-sections -fdata-sections -fPIC -m64  conftest.cpp >&5
configure:9059: $? = 0
configure:9059: result: yes
configure:9059: checking for string.h
configure:9059: c++ -c -O0 -ffunction-sections -fdata-sections -fPIC -m64  conftest.cpp >&5
configure:9059: $? = 0
configure:9059: result: yes
configure:9059: checking for inttypes.h
configure:9059: c++ -c -O0 -ffunction-sections -fdata-sections -fPIC -m64  conftest.cpp >&5
configure:9059: $? = 0
configure:9059: result: yes
configure:9059: checking for stdint.h
configure:9059: c++ -c -O0 -ffunction-sections -fdata-sections -fPIC -m64  conftest.cpp >&5
configure:9059: $? = 0
configure:9059: result: yes
configure:9059: checking for strings.h
configure:9059: c++ -c -O0 -ffunction-sections -fdata-sections -fPIC -m64  conftest.cpp >&5
configure:9059: $? = 0
configure:9059: result: yes
configure:9059: checking for sys/stat.h
configure:9059: c++ -c -O0 -ffunction-sections -fdata-sections -fPIC -m64  conftest.cpp >&5
configure:9059: $? = 0
configure:9059: result: yes
configure:9059: checking for sys/types.h
configure:9059: c++ -c -O0 -ffunction-sections -fdata-sections -fPIC -m64  conftest.cpp >&5
configure:9059: $? = 0
configure:9059: result: yes
configure:9059: checking for unistd.h
configure:9059: c++ -c -O0 -ffunction-sections -fdata-sections -fPIC -m64  conftest.cpp >&5
configure:9059: $? = 0
configure:9059: result: yes
configure:9084: checking for dlfcn.h
configure:9084: c++ -c -O0 -ffunction-sections -fdata-sections -fPIC -m64  conftest.cpp >&5
configure:9084: $? = 0
configure:9084: result: yes
configure:9353: checking for objdir
configure:9369: result: .libs
configure:9633: checking if cc supports -fno-rtti -fno-exceptions
configure:9652: cc -c -O0 -ffunction-sections -fdata-sections -fPIC -m64  -fno-rtti -fno-exceptions conftest.c >&5
cc1: warning: command-line option '-fno-rtti' is valid for C++/D/ObjC++ but not for C
configure:9656: $? = 0
configure:9669: result: no
configure:10027: checking for cc option to produce PIC
configure:10035: result: -fPIC -DPIC
configure:10043: checking if cc PIC flag -fPIC -DPIC works
configure:10062: cc -c -O0 -ffunction-sections -fdata-sections -fPIC -m64  -fPIC -DPIC -DPIC conftest.c >&5
configure:10066: $? = 0
configure:10079: result: yes
configure:10108: checking if cc static flag -static works
configure:10137: result: yes
configure:10152: checking if cc supports -c -o file.o
configure:10174: cc -c -O0 -ffunction-sections -fdata-sections -fPIC -m64  -o out/conftest2.o conftest.c >&5
configure:10178: $? = 0
configure:10200: result: yes
configure:10208: checking if cc supports -c -o file.o
configure:10256: result: yes
configure:10289: checking whether the cc linker (/usr/bin/ld -m elf_x86_64) supports shared libraries
configure:11557: result: yes
configure:11798: checking dynamic linker characteristics
configure:12380: cc -o conftest -O0 -ffunction-sections -fdata-sections -fPIC -m64   -Wl,-rpath -Wl,/foo conftest.c  >&5
configure:12380: $? = 0
configure:12619: result: GNU/Linux ld.so
configure:12741: checking how to hardcode library paths into programs
configure:12766: result: immediate
configure:13318: checking whether stripping libraries is possible
configure:13327: result: yes
configure:13369: checking if libtool supports shared libraries
configure:13371: result: yes
configure:13374: checking whether to build shared libraries
configure:13399: result: no
configure:13402: checking whether to build static libraries
configure:13406: result: yes
configure:13429: checking how to run the C++ preprocessor
configure:13451: c++ -E  conftest.cpp
configure:13451: $? = 0
configure:13466: c++ -E  conftest.cpp
conftest.cpp:23:10: fatal error: ac_nonexistent.h: No such file or directory
   23 | #include <ac_nonexistent.h>
      |          ^~~~~~~~~~~~~~~~~~
compilation terminated.
configure:13466: $? = 1
configure: failed program was:
| /* confdefs.h */
| #define PACKAGE_NAME "Google C++ Testing Framework"
| #define PACKAGE_TARNAME "gtest"
| #define PACKAGE_VERSION "1.8.0"
| #define PACKAGE_STRING "Google C++ Testing Framework 1.8.0"
| #define PACKAGE_BUGREPORT "googletestframework@googlegroups.com"
| #define PACKAGE_URL ""
| #define PACKAGE "gtest"
| #define VERSION "1.8.0"
| #define HAVE_STDIO_H 1
| #define HAVE_STDLIB_H 1
| #define HAVE_STRING_H 1
| #define HAVE_INTTYPES_H 1
| #define HAVE_STDINT_H 1
| #define HAVE_STRINGS_H 1
| #define HAVE_SYS_STAT_H 1
| #define HAVE_SYS_TYPES_H 1
| #define HAVE_UNISTD_H 1
| #define STDC_HEADERS 1
| #define HAVE_DLFCN_H 1
| #define LT_OBJDIR ".libs/"
| /* end confdefs.h.  */
| #include <ac_nonexistent.h>
configure:13493: result: c++ -E
configure:13507: c++ -E  conftest.cpp
configure:13507: $? = 0
configure:13522: c++ -E  conftest.cpp
conftest.cpp:23:10: fatal error: ac_nonexistent.h: No such file or directory
   23 | #include <ac_nonexistent.h>
      |          ^~~~~~~~~~~~~~~~~~
compilation terminated.
configure:13522: $? = 1
configure: failed program was:
| /* confdefs.h */
| #define PACKAGE_NAME "Google C++ Testing Framework"
| #define PACKAGE_TARNAME "gtest"
| #define PACKAGE_VERSION "1.8.0"
| #define PACKAGE_STRING "Google C++ Testing Framework 1.8.0"
| #define PACKAGE_BUGREPORT "googletestframework@googlegroups.com"
| #define PACKAGE_URL ""
| #define PACKAGE "gtest"
| #define VERSION "1.8.0"
| #define HAVE_STDIO_H 1
| #define HAVE_STDLIB_H 1
| #define HAVE_STRING_H 1
| #define HAVE_INTTYPES_H 1
| #define HAVE_STDINT_H 1
| #define HAVE_STRINGS_H 1
| #define HAVE_SYS_STAT_H 1
| #define HAVE_SYS_TYPES_H 1
| #define HAVE_UNISTD_H 1
| #define STDC_HEADERS 1
| #define HAVE_DLFCN_H 1
| #define LT_OBJDIR ".libs/"
| /* end confdefs.h.  */
| #include <ac_nonexistent.h>
configure:13687: checking for ld used by c++
configure:13755: result: /usr/bin/ld -m elf_x86_64
configure:13762: checking if the linker (/usr/bin/ld -m elf_x86_64) is GNU ld
configure:13778: result: yes
configure:13833: checking whether the c++ linker (/usr/bin/ld -m elf_x86_64) supports shared libraries
configure:14911: result: yes
configure:14947: c++ -c -O0 -ffunction-sections -fdata-sections -fPIC -m64  conftest.cpp >&5
configure:14950: $? = 0
configure:15431: checking for c++ option to produce PIC
configure:15439: result: -fPIC -DPIC
configure:15447: checking if c++ PIC flag -fPIC -DPIC works
configure:15466: c++ -c -O0 -ffunction-sections -fdata-sections -fPIC -m64  -fPIC -DPIC -DPIC conftest.cpp >&5
configure:15470: $? = 0
configure:15483: result: yes
configure:15506: checking if c++ static flag -static works
configure:15535: result: yes
configure:15547: checking if c++ supports -c -o file.o
configure:15569: c++ -c -O0 -ffunction-sections -fdata-sections -fPIC -m64  -o out/conftest2.o conftest.cpp >&5
configure:15573: $? = 0
configure:15595: result: yes
configure:15600: checking if c++ supports -c -o file.o
configure:15648: result: yes
configure:15678: checking whether the c++ linker (/usr/bin/ld -m elf_x86_64) supports shared libraries
configure:15718: result: yes
configure:15860: checking dynamic linker characteristics
configure:16608: result: GNU/Linux ld.so
configure:16673: checking how to hardcode library paths into programs
configure:16698: result: immediate
configure:16768: checking for python
configure:16804: result: :
configure:17025: checking for the pthreads library -lpthreads
configure:17058: cc -o conftest -O0 -ffunction-sections -fdata-sections -fPIC -m64    conftest.c -lpthreads  >&5
conftest.c: In function 'main':
conftest.c:28:22: warning: argument 1 null where non-null expected [-Wnonnull]
   28 |                      pthread_attr_init(0); pthread_cleanup_push(0, 0);
      |                      ^~~~~~~~~~~~~~~~~
In file included from conftest.c:23:
/usr/include/pthread.h:285:12: note: in a call to function 'pthread_attr_init' declared 'nonnull'
  285 | extern int pthread_attr_init (pthread_attr_t *__attr) __THROW __nonnull ((1));
      |            ^~~~~~~~~~~~~~~~~
conftest.c:29:22: warning: argument 1 null where non-null expected [-Wnonnull]
   29 |                      pthread_create(0,0,0,0); pthread_cleanup_pop(0);
      |                      ^~~~~~~~~~~~~~
In file included from conftest.c:23:
/usr/include/pthread.h:202:12: note: in a call to function 'pthread_create' declared 'nonnull'
  202 | extern int pthread_create (pthread_t *__restrict __newthread,
      |            ^~~~~~~~~~~~~~
conftest.c:29:22: warning: argument 3 null where non-null expected [-Wnonnull]
   29 |                      pthread_create(0,0,0,0); pthread_cleanup_pop(0);
      |                      ^~~~~~~~~~~~~~
In file included from conftest.c:23:
/usr/include/pthread.h:202:12: note: in a call to function 'pthread_create' declared 'nonnull'
  202 | extern int pthread_create (pthread_t *__restrict __newthread,
      |            ^~~~~~~~~~~~~~
/usr/bin/ld: cannot find -lpthreads: No such file or directory
collect2: error: ld returned 1 exit status
configure:17058: $? = 1
configure: failed program was:
| /* confdefs.h */
| #define PACKAGE_NAME "Google C++ Testing Framework"
| #define PACKAGE_TARNAME "gtest"
| #define PACKAGE_VERSION "1.8.0"
| #define PACKAGE_STRING "Google C++ Testing Framework 1.8.0"
| #define PACKAGE_BUGREPORT "googletestframework@googlegroups.com"
| #define PACKAGE_URL ""
| #define PACKAGE "gtest"
| #define VERSION "1.8.0"
| #define HAVE_STDIO_H 1
| #define HAVE_STDLIB_H 1
| #define HAVE_STRING_H 1
| #define HAVE_INTTYPES_H 1
| #define HAVE_STDINT_H 1
| #define HAVE_STRINGS_H 1
| #define HAVE_SYS_STAT_H 1
| #define HAVE_SYS_TYPES_H 1
| #define HAVE_UNISTD_H 1
| #define STDC_HEADERS 1
| #define HAVE_DLFCN_H 1
| #define LT_OBJDIR ".libs/"
| /* end confdefs.h.  */
| #include <pthread.h>
| int
| main (void)
| {
| pthread_t th; pthread_join(th, 0);
|                      pthread_attr_init(0); pthread_cleanup_push(0, 0);
|                      pthread_create(0,0,0,0); pthread_cleanup_pop(0);
|   ;
|   return 0;
| }
configure:17068: result: no
configure:16965: checking whether pthreads work without any flags
configure:17058: cc -o conftest -O0 -ffunction-sections -fdata-sections -fPIC -m64    conftest.c   >&5
conftest.c: In function 'main':
conftest.c:28:22: warning: argument 1 null where non-null expected [-Wnonnull]
   28 |                      pthread_attr_init(0); pthread_cleanup_push(0, 0);
      |                      ^~~~~~~~~~~~~~~~~
In file included from conftest.c:23:
/usr/include/pthread.h:285:12: note: in a call to function 'pthread_attr_init' declared 'nonnull'
  285 | extern int pthread_attr_init (pthread_attr_t *__attr) __THROW __nonnull ((1));
      |            ^~~~~~~~~~~~~~~~~
conftest.c:29:22: warning: argument 1 null where non-null expected [-Wnonnull]
   29 |                      pthread_create(0,0,0,0); pthread_cleanup_pop(0);
      |                      ^~~~~~~~~~~~~~
In file included from conftest.c:23:
/usr/include/pthread.h:202:12: note: in a call to function 'pthread_create' declared 'nonnull'
  202 | extern int pthread_create (pthread_t *__restrict __newthread,
      |            ^~~~~~~~~~~~~~
conftest.c:29:22: warning: argument 3 null where non-null expected [-Wnonnull]
   29 |                      pthread_create(0,0,0,0); pthread_cleanup_pop(0);
      |                      ^~~~~~~~~~~~~~
In file included from conftest.c:23:
/usr/include/pthread.h:202:12: note: in a call to function 'pthread_create' declared 'nonnull'
  202 | extern int pthread_create (pthread_t *__restrict __newthread,
      |            ^~~~~~~~~~~~~~
configure:17058: $? = 0
configure:17068: result: yes
configure:17087: checking for joinable pthread attribute
configure:17102: cc -o conftest -O0 -ffunction-sections -fdata-sections -fPIC -m64    conftest.c   >&5
configure:17102: $? = 0
configure:17109: result: PTHREAD_CREATE_JOINABLE
configure:17117: checking if more special flags are required for pthreads
configure:17124: result: no
configure:17218: checking whether to check for GCC pthread/shared inconsistencies
configure:17231: cc -o conftest -shared -fPIC -Wl,-z,defs -O0 -ffunction-sections -fdata-sections -fPIC -m64    conftest.c   >&5
configure:17231: $? = 0
configure:17244: result: yes
configure:17250: checking whether -pthread is sufficient with -shared
configure:17265: cc -o conftest -shared -fPIC -Wl,-z,defs -O0 -ffunction-sections -fdata-sections -fPIC -m64    conftest.c   >&5
conftest.c: In function 'main':
conftest.c:28:15: warning: argument 1 null where non-null expected [-Wnonnull]
   28 |               pthread_attr_init(0); pthread_cleanup_push(0, 0);
      |               ^~~~~~~~~~~~~~~~~
In file included from conftest.c:23:
/usr/include/pthread.h:285:12: note: in a call to function 'pthread_attr_init' declared 'nonnull'
  285 | extern int pthread_attr_init (pthread_attr_t *__attr) __THROW __nonnull ((1));
      |            ^~~~~~~~~~~~~~~~~
conftest.c:29:15: warning: argument 1 null where non-null expected [-Wnonnull]
   29 |               pthread_create(0,0,0,0); pthread_cleanup_pop(0);
      |               ^~~~~~~~~~~~~~
In file included from conftest.c:23:
/usr/include/pthread.h:202:12: note: in a call to function 'pthread_create' declared 'nonnull'
  202 | extern int pthread_create (pthread_t *__restrict __newthread,
      |            ^~~~~~~~~~~~~~
conftest.c:29:15: warning: argument 3 null where non-null expected [-Wnonnull]
   29 |               pthread_create(0,0,0,0); pthread_cleanup_pop(0);
      |               ^~~~~~~~~~~~~~
In file included from conftest.c:23:
/usr/include/pthread.h:202:12: note: in a call to function 'pthread_create' declared 'nonnull'
  202 | extern int pthread_create (pthread_t *__restrict __newthread,
      |            ^~~~~~~~~~~~~~
configure:17265: $? = 0
configure:17273: result: yes
configure:17517: checking that generated files are newer than configure
configure:17523: result: done
configure:17558: creating ./config.status

## ---------------------- ##
## Running config.status. ##
## ---------------------- ##

This file was extended by Google C++ Testing Framework config.status 1.8.0, which was
generated by GNU Autoconf 2.71.  Invocation command line was

  CONFIG_FILES    = 
  CONFIG_HEADERS  = 
  CONFIG_LINKS    = 
  CONFIG_COMMANDS = 
  $ ./config.status 

on HeavyCoder

config.status:1162: creating Makefile
config.status:1162: creating scripts/gtest-config
config.status:1162: creating build-aux/config.h
config.status:1376: executing depfiles commands
config.status:1454: cd .       && sed -e '/# am--include-marker/d' Makefile         | make -f - am--depfiles
config.status:1459: $? = 0
config.status:1376: executing libtool commands

## ---------------- ##
## Cache variables. ##
## ---------------- ##

ac_cv_build=x86_64-pc-linux-gnu
ac_cv_c_compiler_gnu=yes
ac_cv_cxx_compiler_gnu=yes
ac_cv_env_CCC_set=
ac_cv_env_CCC_value=
ac_cv_env_CC_set=set
ac_cv_env_CC_value=cc
ac_cv_env_CFLAGS_set=set
ac_cv_env_CFLAGS_value='-O0 -ffunction-sections -fdata-sections -fPIC -m64'
ac_cv_env_CPPFLAGS_set=
ac_cv_env_CPPFLAGS_value=
ac_cv_env_CXXCPP_set=
ac_cv_env_CXXCPP_value=
ac_cv_env_CXXFLAGS_set=set
ac_cv_env_CXXFLAGS_value='-O0 -ffunction-sections -fdata-sections -fPIC -m64'
ac_cv_env_CXX_set=set
ac_cv_env_CXX_value=c++
ac_cv_env_LDFLAGS_set=
ac_cv_env_LDFLAGS_value=
ac_cv_env_LIBS_set=
ac_cv_env_LIBS_value=
ac_cv_env_LT_SYS_LIBRARY_PATH_set=
ac_cv_env_LT_SYS_LIBRARY_PATH_value=
ac_cv_env_build_alias_set=
ac_cv_env_build_alias_value=
ac_cv_env_host_alias_set=
ac_cv_env_host_alias_value=
ac_cv_env_target_alias_set=
ac_cv_env_target_alias_value=
ac_cv_header_dlfcn_h=yes
ac_cv_header_inttypes_h=yes
ac_cv_header_stdint_h=yes
ac_cv_header_stdio_h=yes
ac_cv_header_stdlib_h=yes
ac_cv_header_string_h=yes
ac_cv_header_strings_h=yes
ac_cv_header_sys_stat_h=yes
ac_cv_header_sys_types_h=yes
ac_cv_header_unistd_h=yes
ac_cv_host=x86_64-pc-linux-gnu
ac_cv_objext=o
ac_cv_path_EGREP='/usr/bin/grep -E'
ac_cv_path_FGREP='/usr/bin/grep -F'
ac_cv_path_GREP=/usr/bin/grep
ac_cv_path_PYTHON=:
ac_cv_path_SED=/usr/bin/sed
ac_cv_path_install='/usr/bin/install -c'
ac_cv_path_lt_DD=/usr/bin/dd
ac_cv_path_mkdir=/usr/bin/mkdir
ac_cv_prog_AWK=gawk
ac_cv_prog_CXXCPP='c++ -E'
ac_cv_prog_ac_ct_AR=ar
ac_cv_prog_ac_ct_CC=cc
ac_cv_prog_ac_ct_FILECMD=file
ac_cv_prog_ac_ct_MANIFEST_TOOL=mt
ac_cv_prog_ac_ct_OBJDUMP=objdump
ac_cv_prog_ac_ct_RANLIB=ranlib
ac_cv_prog_ac_ct_STRIP=strip
ac_cv_prog_cc_c11=
ac_cv_prog_cc_g=yes
ac_cv_prog_cc_stdc=
ac_cv_prog_cxx_11=no
ac_cv_prog_cxx_cxx11=
ac_cv_prog_cxx_g=yes
ac_cv_prog_cxx_stdcxx=
ac_cv_prog_make_make_set=yes
am_cv_CC_dependencies_compiler_type=gcc3
am_cv_CXX_dependencies_compiler_type=gcc3
am_cv_make_support_nested_variables=yes
am_cv_prog_cc_c_o=yes
lt_cv_ar_at_file=@
lt_cv_deplibs_check_method=pass_all
lt_cv_file_magic_cmd='$MAGIC_CMD'
lt_cv_file_magic_test_file=
lt_cv_ld_reload_flag=-r
lt_cv_nm_interface='BSD nm'
lt_cv_objdir=.libs
lt_cv_path_LD=/usr/bin/ld
lt_cv_path_LDCXX='/usr/bin/ld -m elf_x86_64'
lt_cv_path_NM='/usr/bin/nm -B'
lt_cv_path_mainfest_tool=no
lt_cv_prog_compiler_c_o=yes
lt_cv_prog_compiler_c_o_CXX=yes
lt_cv_prog_compiler_pic='-fPIC -DPIC'
lt_cv_prog_compiler_pic_CXX='-fPIC -DPIC'
lt_cv_prog_compiler_pic_works=yes
lt_cv_prog_compiler_pic_works_CXX=yes
lt_cv_prog_compiler_rtti_exceptions=no
lt_cv_prog_compiler_static_works=yes
lt_cv_prog_compiler_static_works_CXX=yes
lt_cv_prog_gnu_ld=yes
lt_cv_prog_gnu_ldcxx=yes
lt_cv_sharedlib_from_linklib_cmd='printf %s\n'
lt_cv_shlibpath_overrides_runpath=yes
lt_cv_sys_global_symbol_pipe='/usr/bin/sed -n -e '\''s/^.*[	 ]\([ABCDGIRSTW][ABCDGIRSTW]*\)[	 ][	 ]*\([_A-Za-z][_A-Za-z0-9]*\)$/\1 \2 \2/p'\'' | /usr/bin/sed '\''/ __gnu_lto/d'\'''
lt_cv_sys_global_symbol_to_c_name_address='/usr/bin/sed -n -e '\''s/^: \(.*\) .*$/  {"\1", (void *) 0},/p'\'' -e '\''s/^[ABCDGIRSTW][ABCDGIRSTW]* .* \(.*\)$/  {"\1", (void *) \&\1},/p'\'''
lt_cv_sys_global_symbol_to_c_name_address_lib_prefix='/usr/bin/sed -n -e '\''s/^: \(.*\) .*$/  {"\1", (void *) 0},/p'\'' -e '\''s/^[ABCDGIRSTW][ABCDGIRSTW]* .* \(lib.*\)$/  {"\1", (void *) \&\1},/p'\'' -e '\''s/^[ABCDGIRSTW][ABCDGIRSTW]* .* \(.*\)$/  {"lib\1", (void *) \&\1},/p'\'''
lt_cv_sys_global_symbol_to_cdecl='/usr/bin/sed -n -e '\''s/^T .* \(.*\)$/extern int \1();/p'\'' -e '\''s/^[ABCDGIRSTW][ABCDGIRSTW]* .* \(.*\)$/extern char \1;/p'\'''
lt_cv_sys_global_symbol_to_import=
lt_cv_sys_max_cmd_len=1572864
lt_cv_to_host_file_cmd=func_convert_file_noop
lt_cv_to_tool_file_cmd=func_convert_file_noop
lt_cv_truncate_bin='/usr/bin/dd bs=4096 count=1'

## ----------------- ##
## Output variables. ##
## ----------------- ##

ACLOCAL='${SHELL} '\''/home/pushkar/.cargo/registry/src/index.crates.io-6f17d22bba15001f/protobuf-src-1.1.0+21.5/protobuf/third_party/googletest/googletest/build-aux/missing'\'' aclocal-1.16'
AMDEPBACKSLASH='\'
AMDEP_FALSE='#'
AMDEP_TRUE=''
AMTAR='$${TAR-tar}'
AM_BACKSLASH='\'
AM_DEFAULT_V='$(AM_DEFAULT_VERBOSITY)'
AM_DEFAULT_VERBOSITY='1'
AM_V='$(V)'
AR='ar'
AUTOCONF='${SHELL} '\''/home/pushkar/.cargo/registry/src/index.crates.io-6f17d22bba15001f/protobuf-src-1.1.0+21.5/protobuf/third_party/googletest/googletest/build-aux/missing'\'' autoconf'
AUTOHEADER='${SHELL} '\''/home/pushkar/.cargo/registry/src/index.crates.io-6f17d22bba15001f/protobuf-src-1.1.0+21.5/protobuf/third_party/googletest/googletest/build-aux/missing'\'' autoheader'
AUTOMAKE='${SHELL} '\''/home/pushkar/.cargo/registry/src/index.crates.io-6f17d22bba15001f/protobuf-src-1.1.0+21.5/protobuf/third_party/googletest/googletest/build-aux/missing'\'' automake-1.16'
AWK='gawk'
CC='cc'
CCDEPMODE='depmode=gcc3'
CFLAGS='-O0 -ffunction-sections -fdata-sections -fPIC -m64'
CPPFLAGS=''
CSCOPE='cscope'
CTAGS='ctags'
CXX='c++'
CXXCPP='c++ -E'
CXXDEPMODE='depmode=gcc3'
CXXFLAGS='-O0 -ffunction-sections -fdata-sections -fPIC -m64'
CYGPATH_W='echo'
DEFS='-DHAVE_CONFIG_H'
DEPDIR='.deps'
DLLTOOL='false'
DSYMUTIL=''
DUMPBIN=''
ECHO_C=''
ECHO_N='-n'
ECHO_T=''
EGREP='/usr/bin/grep -E'
ETAGS='etags'
EXEEXT=''
FGREP='/usr/bin/grep -F'
FILECMD='file'
GREP='/usr/bin/grep'
HAVE_PTHREADS_FALSE='#'
HAVE_PTHREADS_TRUE=''
HAVE_PYTHON_FALSE=''
HAVE_PYTHON_TRUE='#'
INSTALL_DATA='${INSTALL} -m 644'
INSTALL_PROGRAM='${INSTALL}'
INSTALL_SCRIPT='${INSTALL}'
INSTALL_STRIP_PROGRAM='$(install_sh) -c -s'
LD='/usr/bin/ld -m elf_x86_64'
LDFLAGS=''
LIBOBJS=''
LIBS=''
LIBTOOL='$(SHELL) $(top_builddir)/libtool'
LIPO=''
LN_S='ln -s'
LTLIBOBJS=''
LT_SYS_LIBRARY_PATH=''
MAKEINFO='${SHELL} '\''/home/pushkar/.cargo/registry/src/index.crates.io-6f17d22bba15001f/protobuf-src-1.1.0+21.5/protobuf/third_party/googletest/googletest/build-aux/missing'\'' makeinfo'
MANIFEST_TOOL=':'
MKDIR_P='/usr/bin/mkdir -p'
NM='/usr/bin/nm -B'
NMEDIT=''
OBJDUMP='objdump'
OBJEXT='o'
OTOOL64=''
OTOOL=''
PACKAGE='gtest'
PACKAGE_BUGREPORT='googletestframework@googlegroups.com'
PACKAGE_NAME='Google C++ Testing Framework'
PACKAGE_STRING='Google C++ Testing Framework 1.8.0'
PACKAGE_TARNAME='gtest'
PACKAGE_URL=''
PACKAGE_VERSION='1.8.0'
PATH_SEPARATOR=':'
PTHREAD_CC='cc'
PTHREAD_CFLAGS=''
PTHREAD_LIBS=''
PYTHON=':'
RANLIB='ranlib'
SED='/usr/bin/sed'
SET_MAKE=''
SHELL='/bin/bash'
STRIP='strip'
VERSION='1.8.0'
ac_ct_AR='ar'
ac_ct_CC='cc'
ac_ct_CXX=''
ac_ct_DUMPBIN=''
acx_pthread_config=''
am__EXEEXT_FALSE=''
am__EXEEXT_TRUE='#'
am__fastdepCC_FALSE='#'
am__fastdepCC_TRUE=''
am__fastdepCXX_FALSE='#'
am__fastdepCXX_TRUE=''
am__include='include'
am__isrc=' -I$(srcdir)'
am__leading_dot='.'
am__nodep='_no'
am__quote=''
am__tar='$${TAR-tar} chof - "$$tardir"'
am__untar='$${TAR-tar} xf -'
bindir='${exec_prefix}/bin'
build='x86_64-pc-linux-gnu'
build_alias=''
build_cpu='x86_64'
build_os='linux-gnu'
build_vendor='pc'
datadir='${datarootdir}'
datarootdir='${prefix}/share'
docdir='${datarootdir}/doc/${PACKAGE_TARNAME}'
dvidir='${docdir}'
exec_prefix='${prefix}'
host='x86_64-pc-linux-gnu'
host_alias=''
host_cpu='x86_64'
host_os='linux-gnu'
host_vendor='pc'
htmldir='${docdir}'
includedir='${prefix}/include'
infodir='${datarootdir}/info'
install_sh='${SHELL} /home/pushkar/.cargo/registry/src/index.crates.io-6f17d22bba15001f/protobuf-src-1.1.0+21.5/protobuf/third_party/googletest/googletest/build-aux/install-sh'
libdir='${exec_prefix}/lib'
libexecdir='${exec_prefix}/libexec'
localedir='${datarootdir}/locale'
localstatedir='${prefix}/var'
mandir='${datarootdir}/man'
mkdir_p='$(MKDIR_P)'
oldincludedir='/usr/include'
pdfdir='${docdir}'
prefix='/home/pushkar/Mirage/community/target/debug/build/protobuf-src-523432554d6a8d85/out/install'
program_transform_name='s,x,x,'
psdir='${docdir}'
runstatedir='${localstatedir}/run'
sbindir='${exec_prefix}/sbin'
sharedstatedir='${prefix}/com'
sysconfdir='${prefix}/etc'
target_alias=''

## ----------- ##
## confdefs.h. ##
## ----------- ##

/* confdefs.h */
#define PACKAGE_NAME "Google C++ Testing Framework"
#define PACKAGE_TARNAME "gtest"
#define PACKAGE_VERSION "1.8.0"
#define PACKAGE_STRING "Google C++ Testing Framework 1.8.0"
#define PACKAGE_BUGREPORT "googletestframework@googlegroups.com"
#define PACKAGE_URL ""
#define PACKAGE "gtest"
#define VERSION "1.8.0"
#define HAVE_STDIO_H 1
#define HAVE_STDLIB_H 1
#define HAVE_STRING_H 1
#define HAVE_INTTYPES_H 1
#define HAVE_STDINT_H 1
#define HAVE_STRINGS_H 1
#define HAVE_SYS_STAT_H 1
#define HAVE_SYS_TYPES_H 1
#define HAVE_UNISTD_H 1
#define STDC_HEADERS 1
#define HAVE_DLFCN_H 1
#define LT_OBJDIR ".libs/"
#define HAVE_PTHREAD 1

configure: exit 0
